#
# There is insufficient memory for the Java Runtime Environment to continue.
# Native memory allocation (malloc) failed to allocate 1302896 bytes for Chunk::new
# Possible reasons:
#   The system is out of physical RAM or swap space
#   The process is running with CompressedOops enabled, and the Java Heap may be blocking the growth of the native heap
# Possible solutions:
#   Reduce memory load on the system
#   Increase physical memory or swap space
#   Check if swap backing store is full
#   Decrease Java heap size (-Xmx/-Xms)
#   Decrease number of Java threads
#   Decrease Java thread stack sizes (-Xss)
#   Set larger code cache with -XX:ReservedCodeCacheSize=
#   JVM is running with Unscaled Compressed Oops mode in which the Java heap is
#     placed in the first 4GB address space. The Java Heap base address is the
#     maximum limit for the native heap growth. Please use -XX:HeapBaseMinAddress
#     to set the Java Heap base and to place the Java Heap above 4GB virtual address.
# This output file may be truncated or incomplete.
#
#  Out of Memory Error (arena.cpp:184), pid=26396, tid=53168
#
# JRE version: OpenJDK Runtime Environment (18.0.2.1+1) (build 18.0.2.1+1-1)
# Java VM: OpenJDK 64-Bit Server VM (18.0.2.1+1-1, mixed mode, sharing, tiered, compressed oops, compressed class ptrs, g1 gc, windows-amd64)
# No core dump will be written. Minidumps are not enabled by default on client versions of Windows
#

---------------  S U M M A R Y ------------

Command Line: -javaagent:C:\Program Files\JetBrains\IntelliJ IDEA Community Edition 2022.2\lib\idea_rt.jar=62971:C:\Program Files\JetBrains\IntelliJ IDEA Community Edition 2022.2\bin -Dfile.encoding=UTF-8 com.pentagono.pentagono.PentagonoApplication

Host: Intel(R) Core(TM) i3-10110U CPU @ 2.10GHz, 4 cores, 3G,  Windows 11 , 64 bit Build 22000 (10.0.22000.708)
Time: Wed Sep  7 23:22:31 2022 Hora est. Pacífico, Sudamérica elapsed time: 3.489411 seconds (0d 0h 0m 3s)

---------------  T H R E A D  ---------------

Current thread (0x000001873243e670):  JavaThread "C2 CompilerThread0" daemon [_thread_in_native, id=53168, stack(0x0000000ee0500000,0x0000000ee0600000)]


Current CompileTask:
C2:   3489 2277   !   4       java.net.URL::<init> (543 bytes)

Stack: [0x0000000ee0500000,0x0000000ee0600000]
Native frames: (J=compiled Java code, j=interpreted, Vv=VM code, C=native code)
V  [jvm.dll+0x6993aa]
V  [jvm.dll+0x7f46dd]
V  [jvm.dll+0x7f5fee]
V  [jvm.dll+0x7f66a3]
V  [jvm.dll+0x25cf1f]
V  [jvm.dll+0xb8c2f]
V  [jvm.dll+0xb8fa5]
V  [jvm.dll+0x386091]
V  [jvm.dll+0x34fe71]
V  [jvm.dll+0x34f30a]
V  [jvm.dll+0x230101]
V  [jvm.dll+0x22f4d1]
V  [jvm.dll+0x1ba01c]
V  [jvm.dll+0x23ee0a]
V  [jvm.dll+0x23d0f5]
V  [jvm.dll+0x7a6dd1]
V  [jvm.dll+0x7a120a]
V  [jvm.dll+0x698255]
C  [ucrtbase.dll+0x26c0c]
C  [KERNEL32.DLL+0x154e0]
C  [ntdll.dll+0x485b]


---------------  P R O C E S S  ---------------

Threads class SMR info:
_java_thread_list=0x000001875267f6c0, length=15, elements={
0x0000018732379f00, 0x000001873241d730, 0x000001873241e0d0, 0x00000187324370f0,
0x0000018732437a90, 0x0000018732438430, 0x0000018732438dd0, 0x000001873243e670,
0x000001874d5f66e0, 0x000001874d5fecc0, 0x00000187324064f0, 0x0000018751bdaf30,
0x0000018751bdfff0, 0x0000018751fb6d50, 0x0000018752269530
}

Java Threads: ( => current thread )
  0x0000018732379f00 JavaThread "main" [_thread_blocked, id=56636, stack(0x0000000edf800000,0x0000000edf900000)]
  0x000001873241d730 JavaThread "Reference Handler" daemon [_thread_blocked, id=27008, stack(0x0000000edff00000,0x0000000ee0000000)]
  0x000001873241e0d0 JavaThread "Finalizer" daemon [_thread_blocked, id=55912, stack(0x0000000ee0000000,0x0000000ee0100000)]
  0x00000187324370f0 JavaThread "Signal Dispatcher" daemon [_thread_blocked, id=3868, stack(0x0000000ee0100000,0x0000000ee0200000)]
  0x0000018732437a90 JavaThread "Attach Listener" daemon [_thread_blocked, id=59984, stack(0x0000000ee0200000,0x0000000ee0300000)]
  0x0000018732438430 JavaThread "Service Thread" daemon [_thread_blocked, id=26764, stack(0x0000000ee0300000,0x0000000ee0400000)]
  0x0000018732438dd0 JavaThread "Monitor Deflation Thread" daemon [_thread_blocked, id=11992, stack(0x0000000ee0400000,0x0000000ee0500000)]
=>0x000001873243e670 JavaThread "C2 CompilerThread0" daemon [_thread_in_native, id=53168, stack(0x0000000ee0500000,0x0000000ee0600000)]
  0x000001874d5f66e0 JavaThread "C1 CompilerThread0" daemon [_thread_blocked, id=5088, stack(0x0000000ee0600000,0x0000000ee0700000)]
  0x000001874d5fecc0 JavaThread "Sweeper thread" daemon [_thread_blocked, id=45652, stack(0x0000000ee0700000,0x0000000ee0800000)]
  0x00000187324064f0 JavaThread "Common-Cleaner" daemon [_thread_blocked, id=53436, stack(0x0000000ee0800000,0x0000000ee0900000)]
  0x0000018751bdaf30 JavaThread "Monitor Ctrl-Break" daemon [_thread_in_native, id=42092, stack(0x0000000ee0900000,0x0000000ee0a00000)]
  0x0000018751bdfff0 JavaThread "Notification Thread" daemon [_thread_blocked, id=7784, stack(0x0000000ee0a00000,0x0000000ee0b00000)]
  0x0000018751fb6d50 JavaThread "Thread-0" [_thread_blocked, id=61368, stack(0x0000000ee1000000,0x0000000ee1100000)]
  0x0000018752269530 JavaThread "restartedMain" [_thread_in_vm, id=58420, stack(0x0000000ee1100000,0x0000000ee1200000)]

Other Threads:
  0x00000187323d0540 VMThread "VM Thread" [stack: 0x0000000edfe00000,0x0000000edff00000] [id=59360]
  0x0000018751be1960 WatcherThread "VM Periodic Task Thread" [stack: 0x0000000ee0b00000,0x0000000ee0c00000] [id=37560]
  0x00000187323bb190 WorkerThread "GC Thread#0" [stack: 0x0000000edf900000,0x0000000edfa00000] [id=58416]
  0x0000018732422eb0 WorkerThread "GC Thread#1" [stack: 0x0000000ee0c00000,0x0000000ee0d00000] [id=55004]
  0x0000018732424650 WorkerThread "GC Thread#2" [stack: 0x0000000ee0d00000,0x0000000ee0e00000] [id=59988]
  0x00000187324233f0 WorkerThread "GC Thread#3" [stack: 0x0000000ee0e00000,0x0000000ee0f00000] [id=47928]
  0x00000187323c3d20 ConcurrentGCThread "G1 Main Marker" [stack: 0x0000000edfa00000,0x0000000edfb00000] [id=60380]
  0x00000187323c5010 WorkerThread "G1 Conc#0" [stack: 0x0000000edfb00000,0x0000000edfc00000] [id=14688]
  0x00000187323eec90 ConcurrentGCThread "G1 Refine#0" [stack: 0x0000000edfc00000,0x0000000edfd00000] [id=48820]
  0x0000018751be5490 ConcurrentGCThread "G1 Refine#1" [stack: 0x0000000ee0f00000,0x0000000ee1000000] [id=57048]
  0x00000187323f0450 ConcurrentGCThread "G1 Service" [stack: 0x0000000edfd00000,0x0000000edfe00000] [id=34032]

Threads with active compile tasks:
C2 CompilerThread0     3527 2277   !   4       java.net.URL::<init> (543 bytes)

VM state: not at safepoint (normal execution)

VM Mutex/Monitor currently owned by a thread: None

Heap address: 0x00000000c2800000, size: 984 MB, Compressed Oops mode: 32-bit

CDS archive(s) mapped at: [0x0000000800000000-0x0000000800ba0000-0x0000000800ba0000), size 12189696, SharedBaseAddress: 0x0000000800000000, ArchiveRelocationMode: 0.
Compressed class space mapped at: 0x0000000800c00000-0x0000000840c00000, reserved size: 1073741824
Narrow klass base: 0x0000000800000000, Narrow klass shift: 0, Narrow klass range: 0x100000000

GC Precious Log:
 CardTable entry size: 512
 Card Set container configuration: InlinePtr #cards 5 size 8 Array Of Cards #cards 12 size 40 Howl #buckets 4 coarsen threshold 1843 Howl Bitmap #cards 512 size 80 coarsen threshold 460 Card regions per heap region 1 cards per card region 2048
 CPUs: 4 total, 4 available
 Memory: 3930M
 Large Page Support: Disabled
 NUMA Support: Disabled
 Compressed Oops: Enabled (32-bit)
 Heap Region Size: 1M
 Heap Min Capacity: 8M
 Heap Initial Capacity: 62M
 Heap Max Capacity: 984M
 Pre-touch: Disabled
 Parallel Workers: 4
 Concurrent Workers: 1
 Concurrent Refinement Workers: 4
 Periodic GC: Disabled

Heap:
 garbage-first heap   total 63488K, used 15754K [0x00000000c2800000, 0x0000000100000000)
  region size 1024K, 10 young (10240K), 4 survivors (4096K)
 Metaspace       used 17051K, committed 17280K, reserved 1114112K
  class space    used 2012K, committed 2112K, reserved 1048576K

Heap Regions: E=young(eden), S=young(survivor), O=old, HS=humongous(starts), HC=humongous(continues), CS=collection set, F=free, OA=open archive, CA=closed archive, TAMS=top-at-mark-start (previous, next)
|   0|0x00000000c2800000, 0x00000000c2900000, 0x00000000c2900000|100%|HS|  |TAMS 0x00000000c2800000, 0x00000000c2800000| Complete 
|   1|0x00000000c2900000, 0x00000000c2a00000, 0x00000000c2a00000|100%| O|  |TAMS 0x00000000c2900000, 0x00000000c2900000| Untracked 
|   2|0x00000000c2a00000, 0x00000000c2b00000, 0x00000000c2b00000|100%| O|  |TAMS 0x00000000c2a00000, 0x00000000c2a00000| Untracked 
|   3|0x00000000c2b00000, 0x00000000c2c00000, 0x00000000c2c00000|100%| O|  |TAMS 0x00000000c2b00000, 0x00000000c2b00000| Untracked 
|   4|0x00000000c2c00000, 0x00000000c2d00000, 0x00000000c2d00000|100%| O|  |TAMS 0x00000000c2c00000, 0x00000000c2c00000| Untracked 
|   5|0x00000000c2d00000, 0x00000000c2e00000, 0x00000000c2e00000|100%| O|  |TAMS 0x00000000c2d00000, 0x00000000c2d00000| Untracked 
|   6|0x00000000c2e00000, 0x00000000c2f00000, 0x00000000c2f00000|100%| O|  |TAMS 0x00000000c2e00000, 0x00000000c2e00000| Untracked 
|   7|0x00000000c2f00000, 0x00000000c2f30200, 0x00000000c3000000| 18%| O|  |TAMS 0x00000000c2f00000, 0x00000000c2f00000| Untracked 
|   8|0x00000000c3000000, 0x00000000c3000000, 0x00000000c3100000|  0%| F|  |TAMS 0x00000000c3000000, 0x00000000c3000000| Untracked 
|   9|0x00000000c3100000, 0x00000000c3100000, 0x00000000c3200000|  0%| F|  |TAMS 0x00000000c3100000, 0x00000000c3100000| Untracked 
|  10|0x00000000c3200000, 0x00000000c3200000, 0x00000000c3300000|  0%| F|  |TAMS 0x00000000c3200000, 0x00000000c3200000| Untracked 
|  11|0x00000000c3300000, 0x00000000c3300000, 0x00000000c3400000|  0%| F|  |TAMS 0x00000000c3300000, 0x00000000c3300000| Untracked 
|  12|0x00000000c3400000, 0x00000000c3400000, 0x00000000c3500000|  0%| F|  |TAMS 0x00000000c3400000, 0x00000000c3400000| Untracked 
|  13|0x00000000c3500000, 0x00000000c3500000, 0x00000000c3600000|  0%| F|  |TAMS 0x00000000c3500000, 0x00000000c3500000| Untracked 
|  14|0x00000000c3600000, 0x00000000c3600000, 0x00000000c3700000|  0%| F|  |TAMS 0x00000000c3600000, 0x00000000c3600000| Untracked 
|  15|0x00000000c3700000, 0x00000000c3700000, 0x00000000c3800000|  0%| F|  |TAMS 0x00000000c3700000, 0x00000000c3700000| Untracked 
|  16|0x00000000c3800000, 0x00000000c3800000, 0x00000000c3900000|  0%| F|  |TAMS 0x00000000c3800000, 0x00000000c3800000| Untracked 
|  17|0x00000000c3900000, 0x00000000c3900000, 0x00000000c3a00000|  0%| F|  |TAMS 0x00000000c3900000, 0x00000000c3900000| Untracked 
|  18|0x00000000c3a00000, 0x00000000c3a00000, 0x00000000c3b00000|  0%| F|  |TAMS 0x00000000c3a00000, 0x00000000c3a00000| Untracked 
|  19|0x00000000c3b00000, 0x00000000c3b00000, 0x00000000c3c00000|  0%| F|  |TAMS 0x00000000c3b00000, 0x00000000c3b00000| Untracked 
|  20|0x00000000c3c00000, 0x00000000c3c00000, 0x00000000c3d00000|  0%| F|  |TAMS 0x00000000c3c00000, 0x00000000c3c00000| Untracked 
|  21|0x00000000c3d00000, 0x00000000c3d00000, 0x00000000c3e00000|  0%| F|  |TAMS 0x00000000c3d00000, 0x00000000c3d00000| Untracked 
|  22|0x00000000c3e00000, 0x00000000c3e00000, 0x00000000c3f00000|  0%| F|  |TAMS 0x00000000c3e00000, 0x00000000c3e00000| Untracked 
|  23|0x00000000c3f00000, 0x00000000c3f00000, 0x00000000c4000000|  0%| F|  |TAMS 0x00000000c3f00000, 0x00000000c3f00000| Untracked 
|  24|0x00000000c4000000, 0x00000000c4000000, 0x00000000c4100000|  0%| F|  |TAMS 0x00000000c4000000, 0x00000000c4000000| Untracked 
|  25|0x00000000c4100000, 0x00000000c4100000, 0x00000000c4200000|  0%| F|  |TAMS 0x00000000c4100000, 0x00000000c4100000| Untracked 
|  26|0x00000000c4200000, 0x00000000c4200000, 0x00000000c4300000|  0%| F|  |TAMS 0x00000000c4200000, 0x00000000c4200000| Untracked 
|  27|0x00000000c4300000, 0x00000000c4300000, 0x00000000c4400000|  0%| F|  |TAMS 0x00000000c4300000, 0x00000000c4300000| Untracked 
|  28|0x00000000c4400000, 0x00000000c4432740, 0x00000000c4500000| 19%| S|CS|TAMS 0x00000000c4400000, 0x00000000c4400000| Complete 
|  29|0x00000000c4500000, 0x00000000c4600000, 0x00000000c4600000|100%| S|CS|TAMS 0x00000000c4500000, 0x00000000c4500000| Complete 
|  30|0x00000000c4600000, 0x00000000c4700000, 0x00000000c4700000|100%| S|CS|TAMS 0x00000000c4600000, 0x00000000c4600000| Complete 
|  31|0x00000000c4700000, 0x00000000c4800000, 0x00000000c4800000|100%| S|CS|TAMS 0x00000000c4700000, 0x00000000c4700000| Complete 
|  32|0x00000000c4800000, 0x00000000c4800000, 0x00000000c4900000|  0%| F|  |TAMS 0x00000000c4800000, 0x00000000c4800000| Untracked 
|  33|0x00000000c4900000, 0x00000000c4900000, 0x00000000c4a00000|  0%| F|  |TAMS 0x00000000c4900000, 0x00000000c4900000| Untracked 
|  34|0x00000000c4a00000, 0x00000000c4a00000, 0x00000000c4b00000|  0%| F|  |TAMS 0x00000000c4a00000, 0x00000000c4a00000| Untracked 
|  35|0x00000000c4b00000, 0x00000000c4b00000, 0x00000000c4c00000|  0%| F|  |TAMS 0x00000000c4b00000, 0x00000000c4b00000| Untracked 
|  36|0x00000000c4c00000, 0x00000000c4c00000, 0x00000000c4d00000|  0%| F|  |TAMS 0x00000000c4c00000, 0x00000000c4c00000| Untracked 
|  37|0x00000000c4d00000, 0x00000000c4d00000, 0x00000000c4e00000|  0%| F|  |TAMS 0x00000000c4d00000, 0x00000000c4d00000| Untracked 
|  38|0x00000000c4e00000, 0x00000000c4e00000, 0x00000000c4f00000|  0%| F|  |TAMS 0x00000000c4e00000, 0x00000000c4e00000| Untracked 
|  39|0x00000000c4f00000, 0x00000000c4f00000, 0x00000000c5000000|  0%| F|  |TAMS 0x00000000c4f00000, 0x00000000c4f00000| Untracked 
|  40|0x00000000c5000000, 0x00000000c5000000, 0x00000000c5100000|  0%| F|  |TAMS 0x00000000c5000000, 0x00000000c5000000| Untracked 
|  41|0x00000000c5100000, 0x00000000c5100000, 0x00000000c5200000|  0%| F|  |TAMS 0x00000000c5100000, 0x00000000c5100000| Untracked 
|  42|0x00000000c5200000, 0x00000000c5200000, 0x00000000c5300000|  0%| F|  |TAMS 0x00000000c5200000, 0x00000000c5200000| Untracked 
|  43|0x00000000c5300000, 0x00000000c5300000, 0x00000000c5400000|  0%| F|  |TAMS 0x00000000c5300000, 0x00000000c5300000| Untracked 
|  44|0x00000000c5400000, 0x00000000c5400000, 0x00000000c5500000|  0%| F|  |TAMS 0x00000000c5400000, 0x00000000c5400000| Untracked 
|  45|0x00000000c5500000, 0x00000000c5500000, 0x00000000c5600000|  0%| F|  |TAMS 0x00000000c5500000, 0x00000000c5500000| Untracked 
|  46|0x00000000c5600000, 0x00000000c5600000, 0x00000000c5700000|  0%| F|  |TAMS 0x00000000c5600000, 0x00000000c5600000| Untracked 
|  47|0x00000000c5700000, 0x00000000c5700000, 0x00000000c5800000|  0%| F|  |TAMS 0x00000000c5700000, 0x00000000c5700000| Untracked 
|  48|0x00000000c5800000, 0x00000000c5800000, 0x00000000c5900000|  0%| F|  |TAMS 0x00000000c5800000, 0x00000000c5800000| Untracked 
|  49|0x00000000c5900000, 0x00000000c5900000, 0x00000000c5a00000|  0%| F|  |TAMS 0x00000000c5900000, 0x00000000c5900000| Untracked 
|  50|0x00000000c5a00000, 0x00000000c5a00000, 0x00000000c5b00000|  0%| F|  |TAMS 0x00000000c5a00000, 0x00000000c5a00000| Untracked 
|  51|0x00000000c5b00000, 0x00000000c5b00000, 0x00000000c5c00000|  0%| F|  |TAMS 0x00000000c5b00000, 0x00000000c5b00000| Untracked 
|  52|0x00000000c5c00000, 0x00000000c5c00000, 0x00000000c5d00000|  0%| F|  |TAMS 0x00000000c5c00000, 0x00000000c5c00000| Untracked 
|  53|0x00000000c5d00000, 0x00000000c5d00000, 0x00000000c5e00000|  0%| F|  |TAMS 0x00000000c5d00000, 0x00000000c5d00000| Untracked 
|  54|0x00000000c5e00000, 0x00000000c5e00000, 0x00000000c5f00000|  0%| F|  |TAMS 0x00000000c5e00000, 0x00000000c5e00000| Untracked 
|  55|0x00000000c5f00000, 0x00000000c5f00000, 0x00000000c6000000|  0%| F|  |TAMS 0x00000000c5f00000, 0x00000000c5f00000| Untracked 
|  56|0x00000000c6000000, 0x00000000c6089f40, 0x00000000c6100000| 53%| E|  |TAMS 0x00000000c6000000, 0x00000000c6000000| Complete 
|  57|0x00000000c6100000, 0x00000000c6200000, 0x00000000c6200000|100%| E|CS|TAMS 0x00000000c6100000, 0x00000000c6100000| Complete 
|  58|0x00000000c6200000, 0x00000000c6300000, 0x00000000c6300000|100%| E|CS|TAMS 0x00000000c6200000, 0x00000000c6200000| Complete 
|  59|0x00000000c6300000, 0x00000000c6400000, 0x00000000c6400000|100%| E|CS|TAMS 0x00000000c6300000, 0x00000000c6300000| Complete 
|  60|0x00000000c6400000, 0x00000000c6500000, 0x00000000c6500000|100%| E|CS|TAMS 0x00000000c6400000, 0x00000000c6400000| Complete 
|  61|0x00000000c6500000, 0x00000000c6600000, 0x00000000c6600000|100%| E|CS|TAMS 0x00000000c6500000, 0x00000000c6500000| Complete 

Card table byte_map: [0x0000018748ea0000,0x0000018749090000] _byte_map_base: 0x000001874888c000

Marking Bits (Prev, Next): (CMBitMap*) 0x00000187323bb790, (CMBitMap*) 0x00000187323bb7d0
 Prev Bits: [0x0000018749280000, 0x000001874a1e0000)
 Next Bits: [0x000001874a1e0000, 0x000001874b140000)

Polling page: 0x00000187302d0000

Metaspace:

Usage:
  Non-class:     14.69 MB used.
      Class:      1.96 MB used.
       Both:     16.65 MB used.

Virtual space:
  Non-class space:       64.00 MB reserved,      14.81 MB ( 23%) committed,  1 nodes.
      Class space:        1.00 GB reserved,       2.06 MB ( <1%) committed,  1 nodes.
             Both:        1.06 GB reserved,      16.88 MB (  2%) committed. 

Chunk freelists:
   Non-Class:  290.00 KB
       Class:  1.91 MB
        Both:  2.19 MB

MaxMetaspaceSize: unlimited
CompressedClassSpaceSize: 1.00 GB
Initial GC threshold: 21.00 MB
Current GC threshold: 21.00 MB
CDS: on
MetaspaceReclaimPolicy: balanced
 - commit_granule_bytes: 65536.
 - commit_granule_words: 8192.
 - virtual_space_node_default_size: 8388608.
 - enlarge_chunks_in_place: 1.
 - new_chunks_are_fully_committed: 0.
 - uncommit_free_chunks: 1.
 - use_allocation_guard: 0.


Internal statistics:

num_allocs_failed_limit: 0.
num_arena_births: 210.
num_arena_deaths: 0.
num_vsnodes_births: 2.
num_vsnodes_deaths: 0.
num_space_committed: 270.
num_space_uncommitted: 0.
num_chunks_returned_to_freelist: 0.
num_chunks_taken_from_freelist: 767.
num_chunk_merges: 0.
num_chunk_splits: 512.
num_chunks_enlarged: 416.
num_inconsistent_stats: 0.

CodeHeap 'non-profiled nmethods': size=120000Kb used=843Kb max_used=843Kb free=119156Kb
 bounds [0x0000018741780000, 0x00000187419f0000, 0x0000018748cb0000]
CodeHeap 'profiled nmethods': size=120000Kb used=4831Kb max_used=4831Kb free=115168Kb
 bounds [0x000001873a250000, 0x000001873a710000, 0x0000018741780000]
CodeHeap 'non-nmethods': size=5760Kb used=1190Kb max_used=1244Kb free=4569Kb
 bounds [0x0000018739cb0000, 0x0000018739f20000, 0x000001873a250000]
 total_blobs=2860 nmethods=2388 adapters=384
 compilation: enabled
              stopped_count=0, restarted_count=0
 full_count=0

Compilation events (20 events):
Event: 3.469 Thread 0x000001874d5f66e0 2372   !   3       org.springframework.context.annotation.ConfigurationClassParser$SourceClass::getRelated (117 bytes)
Event: 3.470 Thread 0x000001874d5f66e0 nmethod 2372 0x000001873a6f7e90 code [0x000001873a6f81c0, 0x000001873a6f91a8]
Event: 3.472 Thread 0x000001874d5f66e0 2373       3       java.util.LinkedHashSet::<init> (9 bytes)
Event: 3.472 Thread 0x000001874d5f66e0 nmethod 2373 0x000001873a6f9810 code [0x000001873a6f99e0, 0x000001873a6f9b28]
Event: 3.473 Thread 0x000001874d5f66e0 2374       3       org.springframework.core.type.classreading.SimpleAnnotationMetadata::getInterfaceNames (11 bytes)
Event: 3.473 Thread 0x000001874d5f66e0 nmethod 2374 0x000001873a6f9c10 code [0x000001873a6f9dc0, 0x000001873a6fa088]
Event: 3.478 Thread 0x000001874d5f66e0 2375       1       org.springframework.context.annotation.ConfigurationClassParser::access$1000 (5 bytes)
Event: 3.478 Thread 0x000001874d5f66e0 nmethod 2375 0x0000018741852390 code [0x0000018741852520, 0x00000187418525d8]
Event: 3.483 Thread 0x000001874d5f66e0 2376       3       org.springframework.core.type.classreading.SimpleAnnotationMetadataReadingVisitor$$Lambda$290/0x0000000800dda298::accept (14 bytes)
Event: 3.484 Thread 0x000001874d5f66e0 nmethod 2376 0x000001873a6fa190 code [0x000001873a6fa340, 0x000001873a6fa628]
Event: 3.484 Thread 0x000001874d5f66e0 2377       3       org.springframework.core.annotation.MergedAnnotation$Adapt::values (34 bytes)
Event: 3.484 Thread 0x000001874d5f66e0 nmethod 2377 0x000001873a6fa710 code [0x000001873a6fa920, 0x000001873a6faf38]
Event: 3.485 Thread 0x000001874d5f66e0 2378       3       org.springframework.core.type.classreading.SimpleAnnotationMetadataReadingVisitor::visitInnerClass (81 bytes)
Event: 3.486 Thread 0x000001874d5f66e0 nmethod 2378 0x000001873a6fb210 code [0x000001873a6fb460, 0x000001873a6fbd88]
Event: 3.486 Thread 0x000001874d5f66e0 2379       1       java.util.concurrent.atomic.AtomicInteger::set (6 bytes)
Event: 3.486 Thread 0x000001874d5f66e0 nmethod 2379 0x0000018741852690 code [0x0000018741852820, 0x00000187418528f8]
Event: 3.486 Thread 0x000001874d5f66e0 2380       3       java.util.RegularEnumSet::size (8 bytes)
Event: 3.486 Thread 0x000001874d5f66e0 nmethod 2380 0x000001873a6fc190 code [0x000001873a6fc320, 0x000001873a6fc468]
Event: 3.486 Thread 0x000001874d5f66e0 2381       3       java.lang.Long::bitCount (61 bytes)
Event: 3.486 Thread 0x000001874d5f66e0 nmethod 2381 0x000001873a6fc510 code [0x000001873a6fc6a0, 0x000001873a6fc818]

GC Heap History (8 events):
Event: 1.292 GC heap before
{Heap before GC invocations=0 (full 0):
 garbage-first heap   total 63488K, used 13312K [0x00000000c2800000, 0x0000000100000000)
  region size 1024K, 13 young (13312K), 0 survivors (0K)
 Metaspace       used 3472K, committed 3584K, reserved 1114112K
  class space    used 342K, committed 384K, reserved 1048576K
}
Event: 1.299 GC heap after
{Heap after GC invocations=1 (full 0):
 garbage-first heap   total 63488K, used 6160K [0x00000000c2800000, 0x0000000100000000)
  region size 1024K, 2 young (2048K), 2 survivors (2048K)
 Metaspace       used 3472K, committed 3584K, reserved 1114112K
  class space    used 342K, committed 384K, reserved 1048576K
}
Event: 1.682 GC heap before
{Heap before GC invocations=1 (full 0):
 garbage-first heap   total 63488K, used 16400K [0x00000000c2800000, 0x0000000100000000)
  region size 1024K, 12 young (12288K), 2 survivors (2048K)
 Metaspace       used 5937K, committed 6080K, reserved 1114112K
  class space    used 644K, committed 704K, reserved 1048576K
}
Event: 1.686 GC heap after
{Heap after GC invocations=2 (full 0):
 garbage-first heap   total 63488K, used 7465K [0x00000000c2800000, 0x0000000100000000)
  region size 1024K, 2 young (2048K), 2 survivors (2048K)
 Metaspace       used 5937K, committed 6080K, reserved 1114112K
  class space    used 644K, committed 704K, reserved 1048576K
}
Event: 2.337 GC heap before
{Heap before GC invocations=2 (full 0):
 garbage-first heap   total 63488K, used 25897K [0x00000000c2800000, 0x0000000100000000)
  region size 1024K, 21 young (21504K), 2 survivors (2048K)
 Metaspace       used 11028K, committed 11328K, reserved 1114112K
  class space    used 1305K, committed 1472K, reserved 1048576K
}
Event: 2.342 GC heap after
{Heap after GC invocations=3 (full 0):
 garbage-first heap   total 63488K, used 8762K [0x00000000c2800000, 0x0000000100000000)
  region size 1024K, 3 young (3072K), 3 survivors (3072K)
 Metaspace       used 11028K, committed 11328K, reserved 1114112K
  class space    used 1305K, committed 1472K, reserved 1048576K
}
Event: 3.317 GC heap before
{Heap before GC invocations=3 (full 0):
 garbage-first heap   total 63488K, used 35386K [0x00000000c2800000, 0x0000000100000000)
  region size 1024K, 30 young (30720K), 3 survivors (3072K)
 Metaspace       used 16565K, committed 16832K, reserved 1114112K
  class space    used 1960K, committed 2048K, reserved 1048576K
}
Event: 3.324 GC heap after
{Heap after GC invocations=4 (full 0):
 garbage-first heap   total 63488K, used 10634K [0x00000000c2800000, 0x0000000100000000)
  region size 1024K, 4 young (4096K), 4 survivors (4096K)
 Metaspace       used 16565K, committed 16832K, reserved 1114112K
  class space    used 1960K, committed 2048K, reserved 1048576K
}

Deoptimization events (20 events):
Event: 3.075 Thread 0x0000018752269530 DEOPT PACKING pc=0x000001873a37afe6 sp=0x0000000ee11fe640
Event: 3.075 Thread 0x0000018752269530 DEOPT UNPACKING pc=0x0000018739d02b43 sp=0x0000000ee11fdb08 mode 0
Event: 3.075 Thread 0x0000018752269530 DEOPT PACKING pc=0x000001873a37e6b1 sp=0x0000000ee11fe610
Event: 3.075 Thread 0x0000018752269530 DEOPT UNPACKING pc=0x0000018739d02b43 sp=0x0000000ee11fdb00 mode 0
Event: 3.075 Thread 0x0000018752269530 DEOPT PACKING pc=0x000001873a37afe6 sp=0x0000000ee11fe640
Event: 3.075 Thread 0x0000018752269530 DEOPT UNPACKING pc=0x0000018739d02b43 sp=0x0000000ee11fdb08 mode 0
Event: 3.076 Thread 0x0000018752269530 DEOPT PACKING pc=0x000001873a37e6b1 sp=0x0000000ee11fe610
Event: 3.076 Thread 0x0000018752269530 DEOPT UNPACKING pc=0x0000018739d02b43 sp=0x0000000ee11fdb00 mode 0
Event: 3.076 Thread 0x0000018752269530 DEOPT PACKING pc=0x000001873a37afe6 sp=0x0000000ee11fe640
Event: 3.076 Thread 0x0000018752269530 DEOPT UNPACKING pc=0x0000018739d02b43 sp=0x0000000ee11fdb08 mode 0
Event: 3.076 Thread 0x0000018752269530 DEOPT PACKING pc=0x000001873a37e6b1 sp=0x0000000ee11fe610
Event: 3.076 Thread 0x0000018752269530 DEOPT UNPACKING pc=0x0000018739d02b43 sp=0x0000000ee11fdb00 mode 0
Event: 3.161 Thread 0x0000018752269530 Uncommon trap: trap_request=0xffffffde fr.pc=0x000001874183c138 relative=0x0000000000001ab8
Event: 3.161 Thread 0x0000018752269530 Uncommon trap: reason=class_check action=maybe_recompile pc=0x000001874183c138 method=java.util.HashMap.putVal(ILjava/lang/Object;Ljava/lang/Object;ZZ)Ljava/lang/Object; @ 203 c2
Event: 3.161 Thread 0x0000018752269530 DEOPT PACKING pc=0x000001874183c138 sp=0x0000000ee11fe4b0
Event: 3.161 Thread 0x0000018752269530 DEOPT UNPACKING pc=0x0000018739d023a3 sp=0x0000000ee11fe378 mode 2
Event: 3.185 Thread 0x0000018752269530 Uncommon trap: trap_request=0xffffffde fr.pc=0x000001874183c138 relative=0x0000000000001ab8
Event: 3.186 Thread 0x0000018752269530 Uncommon trap: reason=class_check action=maybe_recompile pc=0x000001874183c138 method=java.util.HashMap.putVal(ILjava/lang/Object;Ljava/lang/Object;ZZ)Ljava/lang/Object; @ 203 c2
Event: 3.186 Thread 0x0000018752269530 DEOPT PACKING pc=0x000001874183c138 sp=0x0000000ee11fe4b0
Event: 3.186 Thread 0x0000018752269530 DEOPT UNPACKING pc=0x0000018739d023a3 sp=0x0000000ee11fe378 mode 2

Classes loaded (20 events):
Event: 2.712 Loading class java/util/concurrent/ConcurrentLinkedDeque$AbstractItr done
Event: 2.712 Loading class java/util/concurrent/ConcurrentLinkedDeque$Itr done
Event: 2.723 Loading class java/net/SocketException
Event: 2.723 Loading class java/net/SocketException done
Event: 2.747 Loading class java/util/regex/Pattern$LazyLoop
Event: 2.747 Loading class java/util/regex/Pattern$Loop
Event: 2.748 Loading class java/util/regex/Pattern$Loop done
Event: 2.748 Loading class java/util/regex/Pattern$LazyLoop done
Event: 2.748 Loading class java/util/regex/Pattern$Prolog
Event: 2.749 Loading class java/util/regex/Pattern$Prolog done
Event: 2.759 Loading class java/util/regex/Pattern$Pos
Event: 2.759 Loading class java/util/regex/Pattern$Pos done
Event: 2.765 Loading class java/lang/AssertionError
Event: 2.765 Loading class java/lang/AssertionError done
Event: 3.007 Loading class javax/naming/ldap/LdapContext
Event: 3.007 Loading class javax/naming/directory/DirContext
Event: 3.008 Loading class javax/naming/directory/DirContext done
Event: 3.008 Loading class javax/naming/ldap/LdapContext done
Event: 3.107 Loading class java/lang/Deprecated
Event: 3.107 Loading class java/lang/Deprecated done

Classes unloaded (0 events):
No events

Classes redefined (0 events):
No events

Internal exceptions (20 events):
Event: 2.701 Thread 0x0000018752269530 Exception <a 'java/lang/ClassNotFoundException'{0x00000000c5cb9c30}: org/springframework/beans/factory/config/BeanFactoryPostProcessorCustomizer> (0x00000000c5cb9c30) 
thrown [s\open\src\hotspot\share\classfile\systemDictionary.cpp, line 255]
Event: 2.702 Thread 0x0000018752269530 Exception <a 'java/lang/ClassNotFoundException'{0x00000000c5cbe6f0}: org/springframework/core/PriorityOrderedCustomizer> (0x00000000c5cbe6f0) 
thrown [s\open\src\hotspot\share\classfile\systemDictionary.cpp, line 255]
Event: 2.702 Thread 0x0000018752269530 Exception <a 'java/lang/ClassNotFoundException'{0x00000000c5cc1de0}: org/springframework/core/OrderedCustomizer> (0x00000000c5cc1de0) 
thrown [s\open\src\hotspot\share\classfile\systemDictionary.cpp, line 255]
Event: 2.703 Thread 0x0000018752269530 Exception <a 'java/lang/ClassNotFoundException'{0x00000000c5cc6758}: org/springframework/context/ResourceLoaderAwareCustomizer> (0x00000000c5cc6758) 
thrown [s\open\src\hotspot\share\classfile\systemDictionary.cpp, line 255]
Event: 2.704 Thread 0x0000018752269530 Exception <a 'java/lang/ClassNotFoundException'{0x00000000c5ccb1f8}: org/springframework/beans/factory/AwareCustomizer> (0x00000000c5ccb1f8) 
thrown [s\open\src\hotspot\share\classfile\systemDictionary.cpp, line 255]
Event: 2.704 Thread 0x0000018752269530 Exception <a 'java/lang/ClassNotFoundException'{0x00000000c5b204e0}: org/springframework/context/ApplicationStartupAwareCustomizer> (0x00000000c5b204e0) 
thrown [s\open\src\hotspot\share\classfile\systemDictionary.cpp, line 255]
Event: 2.705 Thread 0x0000018752269530 Exception <a 'java/lang/ClassNotFoundException'{0x00000000c5b25208}: org/springframework/beans/factory/AwareCustomizer> (0x00000000c5b25208) 
thrown [s\open\src\hotspot\share\classfile\systemDictionary.cpp, line 255]
Event: 2.707 Thread 0x0000018752269530 Exception <a 'java/lang/ClassNotFoundException'{0x00000000c5b28d18}: org/springframework/beans/factory/BeanClassLoaderAwareCustomizer> (0x00000000c5b28d18) 
thrown [s\open\src\hotspot\share\classfile\systemDictionary.cpp, line 255]
Event: 2.707 Thread 0x0000018752269530 Exception <a 'java/lang/ClassNotFoundException'{0x00000000c5b2d7a0}: org/springframework/beans/factory/AwareCustomizer> (0x00000000c5b2d7a0) 
thrown [s\open\src\hotspot\share\classfile\systemDictionary.cpp, line 255]
Event: 2.708 Thread 0x0000018752269530 Exception <a 'java/lang/ClassNotFoundException'{0x00000000c5b30ff0}: org/springframework/context/EnvironmentAwareCustomizer> (0x00000000c5b30ff0) 
thrown [s\open\src\hotspot\share\classfile\systemDictionary.cpp, line 255]
Event: 2.708 Thread 0x0000018752269530 Exception <a 'java/lang/ClassNotFoundException'{0x00000000c5b35a10}: org/springframework/beans/factory/AwareCustomizer> (0x00000000c5b35a10) 
thrown [s\open\src\hotspot\share\classfile\systemDictionary.cpp, line 255]
Event: 2.738 Thread 0x0000018752269530 Exception <a 'java/lang/NoSuchMethodError'{0x00000000c59716d0}: 'java.lang.Object java.lang.invoke.DirectMethodHandle$Holder.invokeVirtual(java.lang.Object, java.lang.Object, java.lang.Object)'> (0x00000000c59716d0) 
thrown [s\open\src\hotspot\share\interpreter\linkResolver.cpp, line 759]
Event: 2.769 Thread 0x00000187523828a0 Exception <a 'java/lang/NoSuchMethodError'{0x00000000c58f2d40}: 'long java.lang.invoke.DirectMethodHandle$Holder.invokeSpecial(java.lang.Object, java.lang.Object)'> (0x00000000c58f2d40) 
thrown [s\open\src\hotspot\share\interpreter\linkResolver.cpp, line 759]
Event: 2.773 Thread 0x00000187523828a0 Exception <a 'java/lang/NoSuchMethodError'{0x00000000c58fe5c0}: 'long java.lang.invoke.DirectMethodHandle$Holder.invokeStatic(java.lang.Object, java.lang.Object)'> (0x00000000c58fe5c0) 
thrown [s\open\src\hotspot\share\interpreter\linkResolver.cpp, line 759]
Event: 2.773 Thread 0x00000187523828a0 Exception <a 'java/lang/NoSuchMethodError'{0x00000000c572dee0}: 'long java.lang.invoke.DirectMethodHandle$Holder.invokeStaticInit(java.lang.Object, java.lang.Object)'> (0x00000000c572dee0) 
thrown [s\open\src\hotspot\share\interpreter\linkResolver.cpp, line 759]
Event: 2.776 Thread 0x00000187523828a0 Exception <a 'java/lang/NoSuchMethodError'{0x00000000c573c048}: 'long java.lang.invoke.DirectMethodHandle$Holder.invokeInterface(java.lang.Object, java.lang.Object)'> (0x00000000c573c048) 
thrown [s\open\src\hotspot\share\interpreter\linkResolver.cpp, line 759]
Event: 2.776 Thread 0x00000187523828a0 Exception <a 'java/lang/IncompatibleClassChangeError'{0x00000000c573f5d0}: Found class java.lang.Object, but interface was expected> (0x00000000c573f5d0) 
thrown [s\open\src\hotspot\share\interpreter\linkResolver.cpp, line 826]
Event: 2.791 Thread 0x00000187523828a0 Exception <a 'java/lang/NoSuchMethodError'{0x00000000c5620a88}: 'java.lang.Object java.lang.invoke.DirectMethodHandle$Holder.invokeVirtual(java.lang.Object, java.lang.Object, java.lang.Object, java.lang.Object)'> (0x00000000c5620a88) 
thrown [s\open\src\hotspot\share\interpreter\linkResolver.cpp, line 759]
Event: 3.067 Thread 0x0000018752269530 Exception <a 'java/lang/IncompatibleClassChangeError'{0x00000000c51ec240}: Found class java.lang.Object, but interface was expected> (0x00000000c51ec240) 
thrown [s\open\src\hotspot\share\interpreter\linkResolver.cpp, line 826]
Event: 3.117 Thread 0x0000018752269530 Exception <a 'java/lang/NoSuchMethodError'{0x00000000c4c62d80}: 'void java.lang.invoke.DirectMethodHandle$Holder.invokeInterface(java.lang.Object, java.lang.Object, java.lang.Object, java.lang.Object)'> (0x00000000c4c62d80) 
thrown [s\open\src\hotspot\share\interpreter\linkResolver.cpp, line 759]

VM Operations (20 events):
Event: 1.921 Executing VM operation: HandshakeAllThreads
Event: 1.921 Executing VM operation: HandshakeAllThreads done
Event: 1.972 Executing VM operation: HandshakeAllThreads
Event: 1.972 Executing VM operation: HandshakeAllThreads done
Event: 2.174 Executing VM operation: HandshakeAllThreads
Event: 2.174 Executing VM operation: HandshakeAllThreads done
Event: 2.175 Executing VM operation: HandshakeAllThreads
Event: 2.175 Executing VM operation: HandshakeAllThreads done
Event: 2.337 Executing VM operation: G1CollectForAllocation
Event: 2.342 Executing VM operation: G1CollectForAllocation done
Event: 2.638 Executing VM operation: HandshakeAllThreads
Event: 2.638 Executing VM operation: HandshakeAllThreads done
Event: 2.691 Executing VM operation: HandshakeAllThreads
Event: 2.691 Executing VM operation: HandshakeAllThreads done
Event: 2.726 Executing VM operation: HandshakeAllThreads
Event: 2.726 Executing VM operation: HandshakeAllThreads done
Event: 3.268 Executing VM operation: ICBufferFull
Event: 3.268 Executing VM operation: ICBufferFull done
Event: 3.317 Executing VM operation: G1CollectForAllocation
Event: 3.324 Executing VM operation: G1CollectForAllocation done

Events (20 events):
Event: 0.046 Thread 0x000001874d5fecc0 Thread added: 0x000001874d5fecc0
Event: 0.202 Thread 0x00000187324064f0 Thread added: 0x00000187324064f0
Event: 0.243 Loaded shared library C:\Users\jessi\.jdks\openjdk-18.0.2.1\bin\zip.dll
Event: 0.247 Loaded shared library C:\Users\jessi\.jdks\openjdk-18.0.2.1\bin\instrument.dll
Event: 0.278 Loaded shared library C:\Users\jessi\.jdks\openjdk-18.0.2.1\bin\net.dll
Event: 0.284 Loaded shared library C:\Users\jessi\.jdks\openjdk-18.0.2.1\bin\nio.dll
Event: 0.292 Loaded shared library C:\Users\jessi\.jdks\openjdk-18.0.2.1\bin\zip.dll
Event: 0.778 Loaded shared library C:\Program Files\JetBrains\IntelliJ IDEA Community Edition 2022.2\bin\breakgen64.dll
Event: 0.779 Thread 0x0000018751bdaf30 Thread added: 0x0000018751bdaf30
Event: 0.779 Thread 0x0000018751bdfff0 Thread added: 0x0000018751bdfff0
Event: 0.893 Loaded shared library C:\Users\jessi\.jdks\openjdk-18.0.2.1\bin\verify.dll
Event: 0.906 Loaded shared library C:\Users\jessi\.jdks\openjdk-18.0.2.1\bin\jimage.dll
Event: 1.458 Loaded shared library C:\Users\jessi\.jdks\openjdk-18.0.2.1\bin\management.dll
Event: 1.462 Loaded shared library C:\Users\jessi\.jdks\openjdk-18.0.2.1\bin\management_ext.dll
Event: 1.522 Thread 0x0000018751fb6d50 Thread added: 0x0000018751fb6d50
Event: 1.530 Thread 0x0000018752269530 Thread added: 0x0000018752269530
Event: 2.156 Thread 0x00000187523828a0 Thread added: 0x00000187523828a0
Event: 2.796 Thread 0x00000187523828a0 Thread exited: 0x00000187523828a0
Event: 2.943 Thread 0x000001875289f420 Thread added: 0x000001875289f420
Event: 3.054 Thread 0x000001875289f420 Thread exited: 0x000001875289f420


Dynamic libraries:
0x00007ff69c4d0000 - 0x00007ff69c4de000 	C:\Users\jessi\.jdks\openjdk-18.0.2.1\bin\java.exe
0x00007ff8fcf20000 - 0x00007ff8fd129000 	C:\WINDOWS\SYSTEM32\ntdll.dll
0x00007ff8fbae0000 - 0x00007ff8fbb9d000 	C:\WINDOWS\System32\KERNEL32.DLL
0x00007ff8fa520000 - 0x00007ff8fa89d000 	C:\WINDOWS\System32\KERNELBASE.dll
0x00007ff8fac90000 - 0x00007ff8fada1000 	C:\WINDOWS\System32\ucrtbase.dll
0x00007ff8f7380000 - 0x00007ff8f739a000 	C:\Users\jessi\.jdks\openjdk-18.0.2.1\bin\VCRUNTIME140.dll
0x00007ff8f73a0000 - 0x00007ff8f73b7000 	C:\Users\jessi\.jdks\openjdk-18.0.2.1\bin\jli.dll
0x00007ff8fc2a0000 - 0x00007ff8fc44d000 	C:\WINDOWS\System32\USER32.dll
0x00007ff8fa920000 - 0x00007ff8fa946000 	C:\WINDOWS\System32\win32u.dll
0x00007ff8fc450000 - 0x00007ff8fc479000 	C:\WINDOWS\System32\GDI32.dll
0x00007ff8fa400000 - 0x00007ff8fa518000 	C:\WINDOWS\System32\gdi32full.dll
0x00007ff8dfc40000 - 0x00007ff8dfee5000 	C:\WINDOWS\WinSxS\amd64_microsoft.windows.common-controls_6595b64144ccf1df_6.0.22000.120_none_9d947278b86cc467\COMCTL32.dll
0x00007ff8fab30000 - 0x00007ff8fabcd000 	C:\WINDOWS\System32\msvcp_win.dll
0x00007ff8fb1a0000 - 0x00007ff8fb243000 	C:\WINDOWS\System32\msvcrt.dll
0x00007ff8faea0000 - 0x00007ff8faed1000 	C:\WINDOWS\System32\IMM32.DLL
0x00007ff8f78c0000 - 0x00007ff8f78cc000 	C:\Users\jessi\.jdks\openjdk-18.0.2.1\bin\vcruntime140_1.dll
0x00007ff8f18e0000 - 0x00007ff8f196d000 	C:\Users\jessi\.jdks\openjdk-18.0.2.1\bin\msvcp140.dll
0x00007ff89fc40000 - 0x00007ff8a0851000 	C:\Users\jessi\.jdks\openjdk-18.0.2.1\bin\server\jvm.dll
0x00007ff8fb410000 - 0x00007ff8fb4be000 	C:\WINDOWS\System32\ADVAPI32.dll
0x00007ff8fcd20000 - 0x00007ff8fcdbe000 	C:\WINDOWS\System32\sechost.dll
0x00007ff8fb250000 - 0x00007ff8fb370000 	C:\WINDOWS\System32\RPCRT4.dll
0x00007ff8fb390000 - 0x00007ff8fb398000 	C:\WINDOWS\System32\PSAPI.DLL
0x00007ff8f5760000 - 0x00007ff8f5793000 	C:\WINDOWS\SYSTEM32\WINMM.dll
0x00007ff8e2340000 - 0x00007ff8e2349000 	C:\WINDOWS\SYSTEM32\WSOCK32.dll
0x00007ff8fc070000 - 0x00007ff8fc0df000 	C:\WINDOWS\System32\WS2_32.dll
0x00007ff8f3980000 - 0x00007ff8f398a000 	C:\WINDOWS\SYSTEM32\VERSION.dll
0x00007ff8f94d0000 - 0x00007ff8f94e8000 	C:\WINDOWS\SYSTEM32\kernel.appcore.dll
0x00007ff8f7800000 - 0x00007ff8f780a000 	C:\Users\jessi\.jdks\openjdk-18.0.2.1\bin\jimage.dll
0x00007ff8f0240000 - 0x00007ff8f0461000 	C:\WINDOWS\SYSTEM32\DBGHELP.DLL
0x00007ff8e2be0000 - 0x00007ff8e2c11000 	C:\WINDOWS\SYSTEM32\dbgcore.DLL
0x00007ff8fa8a0000 - 0x00007ff8fa91f000 	C:\WINDOWS\System32\bcryptPrimitives.dll
0x00007ff8f78d0000 - 0x00007ff8f78de000 	C:\Users\jessi\.jdks\openjdk-18.0.2.1\bin\instrument.dll
0x00007ff8f5bc0000 - 0x00007ff8f5be5000 	C:\Users\jessi\.jdks\openjdk-18.0.2.1\bin\java.dll
0x00007ff8f0f50000 - 0x00007ff8f1026000 	C:\Users\jessi\.jdks\openjdk-18.0.2.1\bin\jsvml.dll
0x00007ff8fc560000 - 0x00007ff8fcd18000 	C:\WINDOWS\System32\SHELL32.dll
0x00007ff8f8530000 - 0x00007ff8f8d98000 	C:\WINDOWS\SYSTEM32\windows.storage.dll
0x00007ff8fbc90000 - 0x00007ff8fc009000 	C:\WINDOWS\System32\combase.dll
0x00007ff8f83c0000 - 0x00007ff8f8526000 	C:\WINDOWS\SYSTEM32\wintypes.dll
0x00007ff8fb0b0000 - 0x00007ff8fb19a000 	C:\WINDOWS\System32\SHCORE.dll
0x00007ff8fce50000 - 0x00007ff8fcead000 	C:\WINDOWS\System32\shlwapi.dll
0x00007ff8fa330000 - 0x00007ff8fa351000 	C:\WINDOWS\SYSTEM32\profapi.dll
0x00007ff8f3990000 - 0x00007ff8f39a8000 	C:\Users\jessi\.jdks\openjdk-18.0.2.1\bin\zip.dll
0x00007ff8f6e70000 - 0x00007ff8f6e83000 	C:\Users\jessi\.jdks\openjdk-18.0.2.1\bin\net.dll
0x00007ff8f3e50000 - 0x00007ff8f3f5c000 	C:\WINDOWS\SYSTEM32\WINHTTP.dll
0x00007ff8f99a0000 - 0x00007ff8f9a07000 	C:\WINDOWS\system32\mswsock.dll
0x00007ff8f4ad0000 - 0x00007ff8f4ae6000 	C:\Users\jessi\.jdks\openjdk-18.0.2.1\bin\nio.dll
0x00007ff8f5c20000 - 0x00007ff8f5c3a000 	C:\Program Files\JetBrains\IntelliJ IDEA Community Edition 2022.2\bin\breakgen64.dll
0x00007ff8f3300000 - 0x00007ff8f3310000 	C:\Users\jessi\.jdks\openjdk-18.0.2.1\bin\verify.dll
0x00007ff8f5c10000 - 0x00007ff8f5c19000 	C:\Users\jessi\.jdks\openjdk-18.0.2.1\bin\management.dll
0x00007ff8f5c00000 - 0x00007ff8f5c0b000 	C:\Users\jessi\.jdks\openjdk-18.0.2.1\bin\management_ext.dll
0x00007ff8d76e0000 - 0x00007ff8d76f7000 	C:\WINDOWS\system32\napinsp.dll
0x00007ff8d3870000 - 0x00007ff8d388b000 	C:\WINDOWS\system32\pnrpnsp.dll
0x00007ff8f9060000 - 0x00007ff8f9148000 	C:\WINDOWS\SYSTEM32\DNSAPI.dll
0x00007ff8f9030000 - 0x00007ff8f905d000 	C:\WINDOWS\SYSTEM32\IPHLPAPI.DLL
0x00007ff8fb930000 - 0x00007ff8fb939000 	C:\WINDOWS\System32\NSI.dll
0x00007ff8d3850000 - 0x00007ff8d3862000 	C:\WINDOWS\System32\winrnr.dll
0x00007ff8d3830000 - 0x00007ff8d3845000 	C:\WINDOWS\system32\wshbth.dll
0x00007ff8d3810000 - 0x00007ff8d382f000 	C:\WINDOWS\system32\nlansp_c.dll
0x00007ff8eba30000 - 0x00007ff8eba3a000 	C:\Windows\System32\rasadhlp.dll
0x00007ff8efd70000 - 0x00007ff8efdf1000 	C:\WINDOWS\System32\fwpuclnt.dll

dbghelp: loaded successfully - version: 4.0.5 - missing functions: none
symbol engine: initialized successfully - sym options: 0x614 - pdb path: .;C:\Users\jessi\.jdks\openjdk-18.0.2.1\bin;C:\WINDOWS\SYSTEM32;C:\WINDOWS\WinSxS\amd64_microsoft.windows.common-controls_6595b64144ccf1df_6.0.22000.120_none_9d947278b86cc467;C:\Users\jessi\.jdks\openjdk-18.0.2.1\bin\server;C:\Program Files\JetBrains\IntelliJ IDEA Community Edition 2022.2\bin

VM Arguments:
jvm_args: -javaagent:C:\Program Files\JetBrains\IntelliJ IDEA Community Edition 2022.2\lib\idea_rt.jar=62971:C:\Program Files\JetBrains\IntelliJ IDEA Community Edition 2022.2\bin -Dfile.encoding=UTF-8 
java_command: com.pentagono.pentagono.PentagonoApplication
java_class_path (initial): C:\Users\jessi\OneDrive\Desktop\JESSICA\REPOSITORIO\pentagono (1)\pentagono\target\classes;C:\Users\jessi\.m2\repository\org\springframework\boot\spring-boot-starter-data-jpa\2.7.3\spring-boot-starter-data-jpa-2.7.3.jar;C:\Users\jessi\.m2\repository\org\springframework\boot\spring-boot-starter-aop\2.7.3\spring-boot-starter-aop-2.7.3.jar;C:\Users\jessi\.m2\repository\org\springframework\spring-aop\5.3.22\spring-aop-5.3.22.jar;C:\Users\jessi\.m2\repository\org\aspectj\aspectjweaver\1.9.7\aspectjweaver-1.9.7.jar;C:\Users\jessi\.m2\repository\org\springframework\boot\spring-boot-starter-jdbc\2.7.3\spring-boot-starter-jdbc-2.7.3.jar;C:\Users\jessi\.m2\repository\com\zaxxer\HikariCP\4.0.3\HikariCP-4.0.3.jar;C:\Users\jessi\.m2\repository\org\springframework\spring-jdbc\5.3.22\spring-jdbc-5.3.22.jar;C:\Users\jessi\.m2\repository\jakarta\transaction\jakarta.transaction-api\1.3.3\jakarta.transaction-api-1.3.3.jar;C:\Users\jessi\.m2\repository\jakarta\persistence\jakarta.persistence-api\2.2.3\jakarta.persistence-api-2.2.3.jar;C:\Users\jessi\.m2\repository\org\hibernate\hibernate-core\5.6.10.Final\hibernate-core-5.6.10.Final.jar;C:\Users\jessi\.m2\repository\org\jboss\logging\jboss-logging\3.4.3.Final\jboss-logging-3.4.3.Final.jar;C:\Users\jessi\.m2\repository\net\bytebuddy\byte-buddy\1.12.13\byte-buddy-1.12.13.jar;C:\Users\jessi\.m2\repository\antlr\antlr\2.7.7\antlr-2.7.7.jar;C:\Users\jessi\.m2\repository\org\jboss\jandex\2.4.2.Final\jandex-2.4.2.Final.jar;C:\Users\jessi\.m2\repository\com\fasterxml\classmate\1.5.1\classmate-1.5.1.jar;C:\Users\jessi\.m2\repository\org\hibernate\common\hibernate-commons-annotations\5.1.2.Final\hibernate-commons-annotations-5.1.2.Final.jar;C:\Users\jessi\.m2\repository\org\glassfish\jaxb\jaxb-runtime\2.3.6\jaxb-runtime-2.3.6.jar;C:\Users\jessi\.m2\repository\org\glassfish\jaxb\txw2\2.3.6\txw2-2.3.6.jar;C:\Users\jessi\.m2\repository\com\sun\istack\istack-commons-runtime\3.0.12\istack-commons-runtime-3.0.12.jar;C:\Users\jessi\.m2\repository\com\sun\activation\jakarta.activation\1.2.2\jakarta.activation-1.2.2.jar;C:\Users\jessi\.m2\repository\org\springframework\data\spring-data-jpa\2.7.2\spring-data-jpa-2.7.2.jar;C:\Users\jessi\.m2\repository\org\springframework\data\spring-data-commons\2.7.2\spring-data-commons-2.7.2.jar;C:\Users\jessi\.m2\repository\org\springframework\spring-orm\5.3.22\spring-orm-5.3.22.jar;C:\Users\jessi\.m2\repository\org\springframework\spring-context\5.3.22\spring-context-5.3.22.jar;C:\Users\jessi\.m2\repository\org\springframework\spring-tx\5.3.22\spring-tx-5.3.22.jar;C:\Users\jessi\.m2\repository\org\springframework\spring-beans\5.3.22\spring-beans-5.3.22.jar;C:\Users\jessi\.m2\repository\org\slf4j\slf4j-api\1.7.36\slf4j-api-1.7.36.jar;C:\Users\jessi\.m2\repository\org\springframework\spring-aspects\5.3.22\spring-aspects-5.3.22.jar;C:\Users\jessi\.m2\repository\org\springframework\boot\spring-boot-starter-web\2.7.3\spring-boot-starter-web-2.7.3.jar;C:\Users\jessi\.m2\repository\org\springframework\boot\spring-boot-starter\2.7.3\spring-boot-starter-2.7.3.jar;C:\Users\jessi\.m2\repository\org\springframework\boot\spring-boot-starter-logging\2.7.3\spring-boot-starter-logging-2.7.3.jar;C:\Users\jessi\.m2\repository\ch\qos\logback\logback-classic\1.2.11\logback-classic-1.2.11.jar;C:\Users\jessi\.m2\repository\ch\qos\logback\logback-core\1.2.11\logback-core-1.2.11.jar;C:\Users\jessi\.m2\repository\org\apache\logging\log4j\log4j-to-slf4j\2.17.2\log4j-to-slf4j-2.17.2.jar;C:\Users\jessi\.m2\repository\org\apache\logging\log4j\log4j-api\2.17.2\log4j-api-2.17.2.jar;C:\Users\jessi\.m2\repository\org\slf4j\jul-to-slf4j\1.7.36\jul-to-slf4j-1.7.36.jar;C:\Users\jessi\.m2\repository\jakarta\annotation\jakarta.annotation-api\1.3.5\jakarta.annotation-api-1.3.5.jar;C:\Users\jessi\.m2\repository\org\yaml\snakeyaml\1.30\snakeyaml-1.30.jar;C:\Users\jessi\.m2\repository\org\springframework\boot\spring-boot-starter-json\2.7.3\spring-boot-starter-json-2.7.3.jar;C:\Users\jessi\.m2\repository\com\fasterxml\jackson\core\jackson-databind\2.13.3\jackson-databind-2.13.3.jar;C:\Users\jessi\.m2\repository\com\fasterxml\jackson\core\jackson-annotations\2.13.3\jackson-annotations-2.13.3.jar;C:\Users\jessi\.m2\repository\com\fasterxml\jackson\core\jackson-core\2.13.3\jackson-core-2.13.3.jar;C:\Users\jessi\.m2\repository\com\fasterxml\jackson\datatype\jackson-datatype-jdk8\2.13.3\jackson-datatype-jdk8-2.13.3.jar;C:\Users\jessi\.m2\repository\com\fasterxml\jackson\datatype\jackson-datatype-jsr310\2.13.3\jackson-datatype-jsr310-2.13.3.jar;C:\Users\jessi\.m2\repository\com\fasterxml\jackson\module\jackson-module-parameter-names\2.13.3\jackson-module-parameter-names-2.13.3.jar;C:\Users\jessi\.m2\repository\org\springframework\boot\spring-boot-starter-tomcat\2.7.3\spring-boot-starter-tomcat-2.7.3.jar;C:\Users\jessi\.m2\repository\org\apache\tomcat\embed\tomcat-embed-core\9.0.65\tomcat-embed-core-9.0.65.jar;C:\Users\jessi\.m2\repository\org\apache\tomcat\embed\tomcat-embed-el\9.0.65\tomcat-embed-el-9.0.65.jar;C:\Users\jessi\.m2\repository\org\apache\tomcat\embed\tomcat-embed-websocket\9.0.65\tomcat-embed-websocket-9.0.65.jar;C:\Users\jessi\.m2\repository\org\springframework\spring-web\5.3.22\spring-web-5.3.22.jar;C:\Users\jessi\.m2\repository\org\springframework\spring-webmvc\5.3.22\spring-webmvc-5.3.22.jar;C:\Users\jessi\.m2\repository\org\springframework\spring-expression\5.3.22\spring-expression-5.3.22.jar;C:\Users\jessi\.m2\repository\org\springframework\boot\spring-boot-devtools\2.7.3\spring-boot-devtools-2.7.3.jar;C:\Users\jessi\.m2\repository\org\springframework\boot\spring-boot\2.7.3\spring-boot-2.7.3.jar;C:\Users\jessi\.m2\repository\org\springframework\boot\spring-boot-autoconfigure\2.7.3\spring-boot-autoconfigure-2.7.3.jar;C:\Users\jessi\.m2\repository\com\h2database\h2\2.1.214\h2-2.1.214.jar;C:\Users\jessi\.m2\repository\org\postgresql\postgresql\42.3.6\postgresql-42.3.6.jar;C:\Users\jessi\.m2\repository\org\checkerframework\checker-qual\3.5.0\checker-qual-3.5.0.jar;C:\Users\jessi\.m2\repository\org\projectlombok\lombok\1.18.24\lombok-1.18.24.jar;C:\Users\jessi\.m2\repository\jakarta\xml\bind\jakarta.xml.bind-api\2.3.3\jakarta.xml.bind-api-2.3.3.jar;C:\Users\jessi\.m2\repository\jakarta\activation\jakarta.activation-api\1.2.2\jakarta.activation-api-1.2.2.jar;C:\Users\jessi\.m2\repository\org\springframework\spring-core\5.3.22\spring-core-5.3.22.jar;C:\Users\jessi\.m2\repository\org\springframework\spring-jcl\5.3.22\spring-jcl-5.3.22.jar
Launcher Type: SUN_STANDARD

[Global flags]
     intx CICompilerCount                          = 3                                         {product} {ergonomic}
     uint ConcGCThreads                            = 1                                         {product} {ergonomic}
     uint G1ConcRefinementThreads                  = 4                                         {product} {ergonomic}
   size_t G1HeapRegionSize                         = 1048576                                   {product} {ergonomic}
    uintx GCDrainStackTargetSize                   = 64                                        {product} {ergonomic}
   size_t InitialHeapSize                          = 65011712                                  {product} {ergonomic}
   size_t MarkStackSize                            = 4194304                                   {product} {ergonomic}
   size_t MaxHeapSize                              = 1031798784                                {product} {ergonomic}
   size_t MaxNewSize                               = 618659840                                 {product} {ergonomic}
   size_t MinHeapDeltaBytes                        = 1048576                                   {product} {ergonomic}
   size_t MinHeapSize                              = 8388608                                   {product} {ergonomic}
    uintx NonNMethodCodeHeapSize                   = 5832780                                {pd product} {ergonomic}
    uintx NonProfiledCodeHeapSize                  = 122912730                              {pd product} {ergonomic}
    uintx ProfiledCodeHeapSize                     = 122912730                              {pd product} {ergonomic}
    uintx ReservedCodeCacheSize                    = 251658240                              {pd product} {ergonomic}
     bool SegmentedCodeCache                       = true                                      {product} {ergonomic}
   size_t SoftMaxHeapSize                          = 1031798784                             {manageable} {ergonomic}
     bool UseCompressedClassPointers               = true                           {product lp64_product} {ergonomic}
     bool UseCompressedOops                        = true                           {product lp64_product} {ergonomic}
     bool UseG1GC                                  = true                                      {product} {ergonomic}
     bool UseLargePagesIndividualAllocation        = false                                  {pd product} {ergonomic}

Logging:
Log output configuration:
 #0: stdout all=warning uptime,level,tags foldmultilines=false
 #1: stderr all=off uptime,level,tags foldmultilines=false

Environment Variables:
PATH=C:\Program Files\Microsoft\jdk-11.0.12.7-hotspot\bin;C:\Program Files\Common Files\Oracle\Java\javapath;C:\WINDOWS\system32;C:\WINDOWS;C:\WINDOWS\System32\Wbem;C:\WINDOWS\System32\WindowsPowerShell\v1.0\;C:\WINDOWS\System32\OpenSSH\;C:\Program Files\Microsoft SQL Server\150\Tools\Binn\;C:\Program Files\Microsoft SQL Server\Client SDK\ODBC\170\Tools\Binn\;C:\Program Files\dotnet\;C:\Program Files (x86)\Microsoft SQL Server\150\DTS\Binn\;C:\Program Files\Azure Data Studio\bin;C:\Program Files\Docker\Docker\resources\bin;C:\ProgramData\DockerDesktop\version-bin;C:\Program Files\Git\cmd;C:\Users\jessi\AppData\Local\Microsoft\WindowsApps;;C:\Users\jessi\AppData\Local\Programs\Microsoft VS Code\bin;C:\Users\jessi\.dotnet\tools;C:\Program Files\Azure Data Studio\bin
USERNAME=jessi
OS=Windows_NT
PROCESSOR_IDENTIFIER=Intel64 Family 6 Model 142 Stepping 12, GenuineIntel



---------------  S Y S T E M  ---------------

OS:
 Windows 11 , 64 bit Build 22000 (10.0.22000.708)
OS uptime: 2 days 14:11 hours
Hyper-V role detected

CPU: total 4 (initial active 4) (2 cores per cpu, 2 threads per core) family 6 model 142 stepping 12 microcode 0xec, cx8, cmov, fxsr, ht, mmx, 3dnowpref, sse, sse2, sse3, ssse3, sse4.1, sse4.2, popcnt, lzcnt, tsc, tscinvbit, avx, avx2, aes, erms, clmul, bmi1, bmi2, adx, fma, vzeroupper, clflush, clflushopt, hv

Memory: 4k page, system-wide physical 3930M (76M free)
TotalPageFile size 16218M (AvailPageFile size 4M)
current process WorkingSet (physical memory assigned to process): 116M, peak: 116M
current process commit charge ("private bytes"): 172M, peak: 173M

vm_info: OpenJDK 64-Bit Server VM (18.0.2.1+1-1) for windows-amd64 JRE (18.0.2.1+1-1), built on Aug 16 2022 01:44:29 by "mach5one" with MS VC++ 16.8 / 16.9 (VS2019)

END.
