#
# There is insufficient memory for the Java Runtime Environment to continue.
# Native memory allocation (malloc) failed to allocate 1734096 bytes for Chunk::new
# Possible reasons:
#   The system is out of physical RAM or swap space
#   The process is running with CompressedOops enabled, and the Java Heap may be blocking the growth of the native heap
# Possible solutions:
#   Reduce memory load on the system
#   Increase physical memory or swap space
#   Check if swap backing store is full
#   Decrease Java heap size (-Xmx/-Xms)
#   Decrease number of Java threads
#   Decrease Java thread stack sizes (-Xss)
#   Set larger code cache with -XX:ReservedCodeCacheSize=
#   JVM is running with Unscaled Compressed Oops mode in which the Java heap is
#     placed in the first 4GB address space. The Java Heap base address is the
#     maximum limit for the native heap growth. Please use -XX:HeapBaseMinAddress
#     to set the Java Heap base and to place the Java Heap above 4GB virtual address.
# This output file may be truncated or incomplete.
#
#  Out of Memory Error (arena.cpp:184), pid=50260, tid=57976
#
# JRE version: OpenJDK Runtime Environment (18.0.2.1+1) (build 18.0.2.1+1-1)
# Java VM: OpenJDK 64-Bit Server VM (18.0.2.1+1-1, mixed mode, sharing, tiered, compressed oops, compressed class ptrs, g1 gc, windows-amd64)
# No core dump will be written. Minidumps are not enabled by default on client versions of Windows
#

---------------  S U M M A R Y ------------

Command Line: -javaagent:C:\Program Files\JetBrains\IntelliJ IDEA Community Edition 2022.2\lib\idea_rt.jar=63369:C:\Program Files\JetBrains\IntelliJ IDEA Community Edition 2022.2\bin -Dfile.encoding=UTF-8 com.pentagono.pentagono.PentagonoApplication

Host: Intel(R) Core(TM) i3-10110U CPU @ 2.10GHz, 4 cores, 3G,  Windows 11 , 64 bit Build 22000 (10.0.22000.708)
Time: Wed Sep  7 23:53:57 2022 Hora est. Pacífico, Sudamérica elapsed time: 9.368340 seconds (0d 0h 0m 9s)

---------------  T H R E A D  ---------------

Current thread (0x00000262467179d0):  JavaThread "C2 CompilerThread0" daemon [_thread_in_native, id=57976, stack(0x00000087d4300000,0x00000087d4400000)]


Current CompileTask:
C2:   9368 2738   !   4       jdk.internal.loader.BuiltinClassLoader::loadClassOrNull (143 bytes)

Stack: [0x00000087d4300000,0x00000087d4400000]
Native frames: (J=compiled Java code, j=interpreted, Vv=VM code, C=native code)
V  [jvm.dll+0x6993aa]
V  [jvm.dll+0x7f46dd]
V  [jvm.dll+0x7f5fee]
V  [jvm.dll+0x7f66a3]
V  [jvm.dll+0x25cf1f]
V  [jvm.dll+0xb8c2f]
V  [jvm.dll+0xb8fa5]
V  [jvm.dll+0x386091]
V  [jvm.dll+0x34fe71]
V  [jvm.dll+0x34f30a]
V  [jvm.dll+0x230101]
V  [jvm.dll+0x22f4d1]
V  [jvm.dll+0x1ba01c]
V  [jvm.dll+0x23ee0a]
V  [jvm.dll+0x23d0f5]
V  [jvm.dll+0x7a6dd1]
V  [jvm.dll+0x7a120a]
V  [jvm.dll+0x698255]
C  [ucrtbase.dll+0x26c0c]
C  [KERNEL32.DLL+0x154e0]
C  [ntdll.dll+0x485b]


---------------  P R O C E S S  ---------------

Threads class SMR info:
_java_thread_list=0x0000026268e45860, length=15, elements={
0x0000026246659dd0, 0x00000262466fb260, 0x00000262466fbc00, 0x0000026246713010,
0x00000262467139b0, 0x0000026246714350, 0x0000026246714cf0, 0x00000262467179d0,
0x00000262637f86d0, 0x0000026263812730, 0x0000026267c28030, 0x0000026267e75160,
0x0000026267fe69a0, 0x000002626866a830, 0x000002626869d4b0
}

Java Threads: ( => current thread )
  0x0000026246659dd0 JavaThread "main" [_thread_blocked, id=41144, stack(0x00000087d3600000,0x00000087d3700000)]
  0x00000262466fb260 JavaThread "Reference Handler" daemon [_thread_blocked, id=53708, stack(0x00000087d3d00000,0x00000087d3e00000)]
  0x00000262466fbc00 JavaThread "Finalizer" daemon [_thread_blocked, id=60124, stack(0x00000087d3e00000,0x00000087d3f00000)]
  0x0000026246713010 JavaThread "Signal Dispatcher" daemon [_thread_blocked, id=17808, stack(0x00000087d3f00000,0x00000087d4000000)]
  0x00000262467139b0 JavaThread "Attach Listener" daemon [_thread_blocked, id=58552, stack(0x00000087d4000000,0x00000087d4100000)]
  0x0000026246714350 JavaThread "Service Thread" daemon [_thread_blocked, id=61400, stack(0x00000087d4100000,0x00000087d4200000)]
  0x0000026246714cf0 JavaThread "Monitor Deflation Thread" daemon [_thread_blocked, id=57084, stack(0x00000087d4200000,0x00000087d4300000)]
=>0x00000262467179d0 JavaThread "C2 CompilerThread0" daemon [_thread_in_native, id=57976, stack(0x00000087d4300000,0x00000087d4400000)]
  0x00000262637f86d0 JavaThread "C1 CompilerThread0" daemon [_thread_blocked, id=31416, stack(0x00000087d4400000,0x00000087d4500000)]
  0x0000026263812730 JavaThread "Sweeper thread" daemon [_thread_blocked, id=55756, stack(0x00000087d4500000,0x00000087d4600000)]
  0x0000026267c28030 JavaThread "Common-Cleaner" daemon [_thread_blocked, id=42944, stack(0x00000087d4600000,0x00000087d4700000)]
  0x0000026267e75160 JavaThread "Monitor Ctrl-Break" daemon [_thread_in_native, id=8200, stack(0x00000087d4700000,0x00000087d4800000)]
  0x0000026267fe69a0 JavaThread "Notification Thread" daemon [_thread_blocked, id=60648, stack(0x00000087d4800000,0x00000087d4900000)]
  0x000002626866a830 JavaThread "Thread-0" [_thread_blocked, id=53352, stack(0x00000087d4e00000,0x00000087d4f00000)]
  0x000002626869d4b0 JavaThread "restartedMain" [_thread_in_vm, id=53812, stack(0x00000087d4f00000,0x00000087d5000000)]

Other Threads:
  0x00000262466f8a00 VMThread "VM Thread" [stack: 0x00000087d3c00000,0x00000087d3d00000] [id=54192]
  0x0000026267e3ac00 WatcherThread "VM Periodic Task Thread" [stack: 0x00000087d4900000,0x00000087d4a00000] [id=32816]
  0x000002624669b060 WorkerThread "GC Thread#0" [stack: 0x00000087d3700000,0x00000087d3800000] [id=12680]
  0x0000026268136140 WorkerThread "GC Thread#1" [stack: 0x00000087d4a00000,0x00000087d4b00000] [id=41456]
  0x0000026268646010 WorkerThread "GC Thread#2" [stack: 0x00000087d4b00000,0x00000087d4c00000] [id=9596]
  0x00000262686462b0 WorkerThread "GC Thread#3" [stack: 0x00000087d4c00000,0x00000087d4d00000] [id=55508]
  0x00000262466a3a90 ConcurrentGCThread "G1 Main Marker" [stack: 0x00000087d3800000,0x00000087d3900000] [id=57008]
  0x00000262466a4480 WorkerThread "G1 Conc#0" [stack: 0x00000087d3900000,0x00000087d3a00000] [id=56768]
  0x00000262466d1170 ConcurrentGCThread "G1 Refine#0" [stack: 0x00000087d3a00000,0x00000087d3b00000] [id=44864]
  0x0000026268134cf0 ConcurrentGCThread "G1 Refine#1" [stack: 0x00000087d4d00000,0x00000087d4e00000] [id=56360]
  0x00000262466d2d30 ConcurrentGCThread "G1 Service" [stack: 0x00000087d3b00000,0x00000087d3c00000] [id=55316]

Threads with active compile tasks:
C2 CompilerThread0     9394 2738   !   4       jdk.internal.loader.BuiltinClassLoader::loadClassOrNull (143 bytes)

VM state: not at safepoint (normal execution)

VM Mutex/Monitor currently owned by a thread: None

Heap address: 0x00000000c2800000, size: 984 MB, Compressed Oops mode: 32-bit

CDS archive(s) mapped at: [0x0000000800000000-0x0000000800ba0000-0x0000000800ba0000), size 12189696, SharedBaseAddress: 0x0000000800000000, ArchiveRelocationMode: 0.
Compressed class space mapped at: 0x0000000800c00000-0x0000000840c00000, reserved size: 1073741824
Narrow klass base: 0x0000000800000000, Narrow klass shift: 0, Narrow klass range: 0x100000000

GC Precious Log:
 CardTable entry size: 512
 Card Set container configuration: InlinePtr #cards 5 size 8 Array Of Cards #cards 12 size 40 Howl #buckets 4 coarsen threshold 1843 Howl Bitmap #cards 512 size 80 coarsen threshold 460 Card regions per heap region 1 cards per card region 2048
 CPUs: 4 total, 4 available
 Memory: 3930M
 Large Page Support: Disabled
 NUMA Support: Disabled
 Compressed Oops: Enabled (32-bit)
 Heap Region Size: 1M
 Heap Min Capacity: 8M
 Heap Initial Capacity: 62M
 Heap Max Capacity: 984M
 Pre-touch: Disabled
 Parallel Workers: 4
 Concurrent Workers: 1
 Concurrent Refinement Workers: 4
 Periodic GC: Disabled

Heap:
 garbage-first heap   total 63488K, used 24576K [0x00000000c2800000, 0x0000000100000000)
  region size 1024K, 19 young (19456K), 4 survivors (4096K)
 Metaspace       used 18427K, committed 18688K, reserved 1114112K
  class space    used 2186K, committed 2304K, reserved 1048576K

Heap Regions: E=young(eden), S=young(survivor), O=old, HS=humongous(starts), HC=humongous(continues), CS=collection set, F=free, OA=open archive, CA=closed archive, TAMS=top-at-mark-start (previous, next)
|   0|0x00000000c2800000, 0x00000000c2900000, 0x00000000c2900000|100%|HS|  |TAMS 0x00000000c2800000, 0x00000000c2800000| Complete 
|   1|0x00000000c2900000, 0x00000000c2a00000, 0x00000000c2a00000|100%| O|  |TAMS 0x00000000c2900000, 0x00000000c2900000| Untracked 
|   2|0x00000000c2a00000, 0x00000000c2b00000, 0x00000000c2b00000|100%| O|  |TAMS 0x00000000c2a00000, 0x00000000c2a00000| Untracked 
|   3|0x00000000c2b00000, 0x00000000c2c00000, 0x00000000c2c00000|100%| O|  |TAMS 0x00000000c2b00000, 0x00000000c2b00000| Untracked 
|   4|0x00000000c2c00000, 0x00000000c2d00000, 0x00000000c2d00000|100%| O|  |TAMS 0x00000000c2c00000, 0x00000000c2c00000| Untracked 
|   5|0x00000000c2d00000, 0x00000000c2e00000, 0x00000000c2e00000|100%| O|  |TAMS 0x00000000c2d00000, 0x00000000c2d00000| Untracked 
|   6|0x00000000c2e00000, 0x00000000c2e29e00, 0x00000000c2f00000| 16%| O|  |TAMS 0x00000000c2e00000, 0x00000000c2e00000| Untracked 
|   7|0x00000000c2f00000, 0x00000000c2f00000, 0x00000000c3000000|  0%| F|  |TAMS 0x00000000c2f00000, 0x00000000c2f00000| Untracked 
|   8|0x00000000c3000000, 0x00000000c3000000, 0x00000000c3100000|  0%| F|  |TAMS 0x00000000c3000000, 0x00000000c3000000| Untracked 
|   9|0x00000000c3100000, 0x00000000c3100000, 0x00000000c3200000|  0%| F|  |TAMS 0x00000000c3100000, 0x00000000c3100000| Untracked 
|  10|0x00000000c3200000, 0x00000000c3200000, 0x00000000c3300000|  0%| F|  |TAMS 0x00000000c3200000, 0x00000000c3200000| Untracked 
|  11|0x00000000c3300000, 0x00000000c3300000, 0x00000000c3400000|  0%| F|  |TAMS 0x00000000c3300000, 0x00000000c3300000| Untracked 
|  12|0x00000000c3400000, 0x00000000c3400000, 0x00000000c3500000|  0%| F|  |TAMS 0x00000000c3400000, 0x00000000c3400000| Untracked 
|  13|0x00000000c3500000, 0x00000000c3500000, 0x00000000c3600000|  0%| F|  |TAMS 0x00000000c3500000, 0x00000000c3500000| Untracked 
|  14|0x00000000c3600000, 0x00000000c3600000, 0x00000000c3700000|  0%| F|  |TAMS 0x00000000c3600000, 0x00000000c3600000| Untracked 
|  15|0x00000000c3700000, 0x00000000c3700000, 0x00000000c3800000|  0%| F|  |TAMS 0x00000000c3700000, 0x00000000c3700000| Untracked 
|  16|0x00000000c3800000, 0x00000000c3800000, 0x00000000c3900000|  0%| F|  |TAMS 0x00000000c3800000, 0x00000000c3800000| Untracked 
|  17|0x00000000c3900000, 0x00000000c3900000, 0x00000000c3a00000|  0%| F|  |TAMS 0x00000000c3900000, 0x00000000c3900000| Untracked 
|  18|0x00000000c3a00000, 0x00000000c3a00000, 0x00000000c3b00000|  0%| F|  |TAMS 0x00000000c3a00000, 0x00000000c3a00000| Untracked 
|  19|0x00000000c3b00000, 0x00000000c3b00000, 0x00000000c3c00000|  0%| F|  |TAMS 0x00000000c3b00000, 0x00000000c3b00000| Untracked 
|  20|0x00000000c3c00000, 0x00000000c3c00000, 0x00000000c3d00000|  0%| F|  |TAMS 0x00000000c3c00000, 0x00000000c3c00000| Untracked 
|  21|0x00000000c3d00000, 0x00000000c3d00000, 0x00000000c3e00000|  0%| F|  |TAMS 0x00000000c3d00000, 0x00000000c3d00000| Untracked 
|  22|0x00000000c3e00000, 0x00000000c3e00000, 0x00000000c3f00000|  0%| F|  |TAMS 0x00000000c3e00000, 0x00000000c3e00000| Untracked 
|  23|0x00000000c3f00000, 0x00000000c3f00000, 0x00000000c4000000|  0%| F|  |TAMS 0x00000000c3f00000, 0x00000000c3f00000| Untracked 
|  24|0x00000000c4000000, 0x00000000c4000000, 0x00000000c4100000|  0%| F|  |TAMS 0x00000000c4000000, 0x00000000c4000000| Untracked 
|  25|0x00000000c4100000, 0x00000000c4100000, 0x00000000c4200000|  0%| F|  |TAMS 0x00000000c4100000, 0x00000000c4100000| Untracked 
|  26|0x00000000c4200000, 0x00000000c4200000, 0x00000000c4300000|  0%| F|  |TAMS 0x00000000c4200000, 0x00000000c4200000| Untracked 
|  27|0x00000000c4300000, 0x00000000c4300000, 0x00000000c4400000|  0%| F|  |TAMS 0x00000000c4300000, 0x00000000c4300000| Untracked 
|  28|0x00000000c4400000, 0x00000000c44d62d8, 0x00000000c4500000| 83%| S|CS|TAMS 0x00000000c4400000, 0x00000000c4400000| Complete 
|  29|0x00000000c4500000, 0x00000000c4600000, 0x00000000c4600000|100%| S|CS|TAMS 0x00000000c4500000, 0x00000000c4500000| Complete 
|  30|0x00000000c4600000, 0x00000000c4700000, 0x00000000c4700000|100%| S|CS|TAMS 0x00000000c4600000, 0x00000000c4600000| Complete 
|  31|0x00000000c4700000, 0x00000000c4800000, 0x00000000c4800000|100%| S|CS|TAMS 0x00000000c4700000, 0x00000000c4700000| Complete 
|  32|0x00000000c4800000, 0x00000000c4800000, 0x00000000c4900000|  0%| F|  |TAMS 0x00000000c4800000, 0x00000000c4800000| Untracked 
|  33|0x00000000c4900000, 0x00000000c4900000, 0x00000000c4a00000|  0%| F|  |TAMS 0x00000000c4900000, 0x00000000c4900000| Untracked 
|  34|0x00000000c4a00000, 0x00000000c4a00000, 0x00000000c4b00000|  0%| F|  |TAMS 0x00000000c4a00000, 0x00000000c4a00000| Untracked 
|  35|0x00000000c4b00000, 0x00000000c4b00000, 0x00000000c4c00000|  0%| F|  |TAMS 0x00000000c4b00000, 0x00000000c4b00000| Untracked 
|  36|0x00000000c4c00000, 0x00000000c4c00000, 0x00000000c4d00000|  0%| F|  |TAMS 0x00000000c4c00000, 0x00000000c4c00000| Untracked 
|  37|0x00000000c4d00000, 0x00000000c4d00000, 0x00000000c4e00000|  0%| F|  |TAMS 0x00000000c4d00000, 0x00000000c4d00000| Untracked 
|  38|0x00000000c4e00000, 0x00000000c4e00000, 0x00000000c4f00000|  0%| F|  |TAMS 0x00000000c4e00000, 0x00000000c4e00000| Untracked 
|  39|0x00000000c4f00000, 0x00000000c4f00000, 0x00000000c5000000|  0%| F|  |TAMS 0x00000000c4f00000, 0x00000000c4f00000| Untracked 
|  40|0x00000000c5000000, 0x00000000c5000000, 0x00000000c5100000|  0%| F|  |TAMS 0x00000000c5000000, 0x00000000c5000000| Untracked 
|  41|0x00000000c5100000, 0x00000000c5100000, 0x00000000c5200000|  0%| F|  |TAMS 0x00000000c5100000, 0x00000000c5100000| Untracked 
|  42|0x00000000c5200000, 0x00000000c5200000, 0x00000000c5300000|  0%| F|  |TAMS 0x00000000c5200000, 0x00000000c5200000| Untracked 
|  43|0x00000000c5300000, 0x00000000c5300000, 0x00000000c5400000|  0%| F|  |TAMS 0x00000000c5300000, 0x00000000c5300000| Untracked 
|  44|0x00000000c5400000, 0x00000000c5400000, 0x00000000c5500000|  0%| F|  |TAMS 0x00000000c5400000, 0x00000000c5400000| Untracked 
|  45|0x00000000c5500000, 0x00000000c5500000, 0x00000000c5600000|  0%| F|  |TAMS 0x00000000c5500000, 0x00000000c5500000| Untracked 
|  46|0x00000000c5600000, 0x00000000c5600000, 0x00000000c5700000|  0%| F|  |TAMS 0x00000000c5600000, 0x00000000c5600000| Untracked 
|  47|0x00000000c5700000, 0x00000000c57481d8, 0x00000000c5800000| 28%| E|  |TAMS 0x00000000c5700000, 0x00000000c5700000| Complete 
|  48|0x00000000c5800000, 0x00000000c5900000, 0x00000000c5900000|100%| E|CS|TAMS 0x00000000c5800000, 0x00000000c5800000| Complete 
|  49|0x00000000c5900000, 0x00000000c5a00000, 0x00000000c5a00000|100%| E|CS|TAMS 0x00000000c5900000, 0x00000000c5900000| Complete 
|  50|0x00000000c5a00000, 0x00000000c5b00000, 0x00000000c5b00000|100%| E|CS|TAMS 0x00000000c5a00000, 0x00000000c5a00000| Complete 
|  51|0x00000000c5b00000, 0x00000000c5c00000, 0x00000000c5c00000|100%| E|CS|TAMS 0x00000000c5b00000, 0x00000000c5b00000| Complete 
|  52|0x00000000c5c00000, 0x00000000c5d00000, 0x00000000c5d00000|100%| E|CS|TAMS 0x00000000c5c00000, 0x00000000c5c00000| Complete 
|  53|0x00000000c5d00000, 0x00000000c5e00000, 0x00000000c5e00000|100%| E|CS|TAMS 0x00000000c5d00000, 0x00000000c5d00000| Complete 
|  54|0x00000000c5e00000, 0x00000000c5f00000, 0x00000000c5f00000|100%| E|CS|TAMS 0x00000000c5e00000, 0x00000000c5e00000| Complete 
|  55|0x00000000c5f00000, 0x00000000c6000000, 0x00000000c6000000|100%| E|CS|TAMS 0x00000000c5f00000, 0x00000000c5f00000| Complete 
|  56|0x00000000c6000000, 0x00000000c6100000, 0x00000000c6100000|100%| E|CS|TAMS 0x00000000c6000000, 0x00000000c6000000| Complete 
|  57|0x00000000c6100000, 0x00000000c6200000, 0x00000000c6200000|100%| E|CS|TAMS 0x00000000c6100000, 0x00000000c6100000| Complete 
|  58|0x00000000c6200000, 0x00000000c6300000, 0x00000000c6300000|100%| E|CS|TAMS 0x00000000c6200000, 0x00000000c6200000| Complete 
|  59|0x00000000c6300000, 0x00000000c6400000, 0x00000000c6400000|100%| E|CS|TAMS 0x00000000c6300000, 0x00000000c6300000| Complete 
|  60|0x00000000c6400000, 0x00000000c6500000, 0x00000000c6500000|100%| E|CS|TAMS 0x00000000c6400000, 0x00000000c6400000| Complete 
|  61|0x00000000c6500000, 0x00000000c6600000, 0x00000000c6600000|100%| E|CS|TAMS 0x00000000c6500000, 0x00000000c6500000| Complete 

Card table byte_map: [0x000002625efa0000,0x000002625f190000] _byte_map_base: 0x000002625e98c000

Marking Bits (Prev, Next): (CMBitMap*) 0x000002624669b660, (CMBitMap*) 0x000002624669b6a0
 Prev Bits: [0x000002625f380000, 0x00000262602e0000)
 Next Bits: [0x00000262602e0000, 0x0000026261240000)

Polling page: 0x0000026246440000

Metaspace:

Usage:
  Non-class:     15.87 MB used.
      Class:      2.14 MB used.
       Both:     18.01 MB used.

Virtual space:
  Non-class space:       64.00 MB reserved,      16.06 MB ( 25%) committed,  1 nodes.
      Class space:        1.00 GB reserved,       2.25 MB ( <1%) committed,  1 nodes.
             Both:        1.06 GB reserved,      18.31 MB (  2%) committed. 

Chunk freelists:
   Non-Class:  3.36 MB
       Class:  1.72 MB
        Both:  5.08 MB

MaxMetaspaceSize: unlimited
CompressedClassSpaceSize: 1.00 GB
Initial GC threshold: 21.00 MB
Current GC threshold: 21.00 MB
CDS: on
MetaspaceReclaimPolicy: balanced
 - commit_granule_bytes: 65536.
 - commit_granule_words: 8192.
 - virtual_space_node_default_size: 8388608.
 - enlarge_chunks_in_place: 1.
 - new_chunks_are_fully_committed: 0.
 - uncommit_free_chunks: 1.
 - use_allocation_guard: 0.


Internal statistics:

num_allocs_failed_limit: 0.
num_arena_births: 208.
num_arena_deaths: 0.
num_vsnodes_births: 2.
num_vsnodes_deaths: 0.
num_space_committed: 293.
num_space_uncommitted: 0.
num_chunks_returned_to_freelist: 0.
num_chunks_taken_from_freelist: 831.
num_chunk_merges: 0.
num_chunk_splits: 555.
num_chunks_enlarged: 457.
num_inconsistent_stats: 0.

CodeHeap 'non-profiled nmethods': size=120000Kb used=1113Kb max_used=1113Kb free=118886Kb
 bounds [0x0000026257260000, 0x00000262574d0000, 0x000002625e790000]
CodeHeap 'profiled nmethods': size=120000Kb used=5998Kb max_used=5998Kb free=114002Kb
 bounds [0x000002624fd30000, 0x0000026250310000, 0x0000026257260000]
CodeHeap 'non-nmethods': size=5760Kb used=1187Kb max_used=1245Kb free=4572Kb
 bounds [0x000002624f790000, 0x000002624fa00000, 0x000002624fd30000]
 total_blobs=3288 nmethods=2820 adapters=379
 compilation: enabled
              stopped_count=0, restarted_count=0
 full_count=0

Compilation events (20 events):
Event: 9.272 Thread 0x00000262637f86d0 nmethod 2752 0x00000262502eef90 code [0x00000262502ef120, 0x00000262502ef268]
Event: 9.283 Thread 0x00000262637f86d0 2753       3       org.springframework.core.ResolvableType::isAssignableFrom (10 bytes)
Event: 9.283 Thread 0x00000262637f86d0 nmethod 2753 0x00000262502ef310 code [0x00000262502ef4c0, 0x00000262502ef718]
Event: 9.283 Thread 0x00000262637f86d0 2754       3       org.springframework.core.ResolvableType::isAssignableFrom (7 bytes)
Event: 9.283 Thread 0x00000262637f86d0 nmethod 2754 0x00000262502ef810 code [0x00000262502ef9c0, 0x00000262502efb08]
Event: 9.322 Thread 0x00000262637f86d0 2757       3       org.springframework.boot.autoconfigure.condition.SpringBootCondition::logOutcome (28 bytes)
Event: 9.322 Thread 0x00000262637f86d0 nmethod 2757 0x00000262502efb90 code [0x00000262502efd60, 0x00000262502f0088]
Event: 9.323 Thread 0x00000262637f86d0 2758       3       org.springframework.boot.autoconfigure.condition.ConditionEvaluationReport::recordConditionEvaluation (84 bytes)
Event: 9.323 Thread 0x00000262637f86d0 nmethod 2758 0x00000262502f0190 code [0x00000262502f0440, 0x00000262502f1128]
Event: 9.334 Thread 0x00000262637f86d0 2759       3       org.springframework.beans.factory.support.AbstractBeanDefinition::getBeanClassName (25 bytes)
Event: 9.335 Thread 0x00000262637f86d0 nmethod 2759 0x00000262502f1590 code [0x00000262502f1760, 0x00000262502f1ca8]
Event: 9.335 Thread 0x00000262637f86d0 2760   !   3       jdk.proxy2.$Proxy27::value (29 bytes)
Event: 9.335 Thread 0x00000262637f86d0 nmethod 2760 0x00000262502f1e10 code [0x00000262502f1fe0, 0x00000262502f23d8]
Event: 9.335 Thread 0x00000262637f86d0 2761       1       org.springframework.beans.factory.support.AbstractBeanDefinition::setRole (6 bytes)
Event: 9.335 Thread 0x00000262637f86d0 nmethod 2761 0x0000026257370790 code [0x0000026257370920, 0x00000262573709f8]
Event: 9.348 Thread 0x00000262637f86d0 2762       3       org.springframework.core.annotation.TypeMappedAnnotations::scan (62 bytes)
Event: 9.349 Thread 0x00000262637f86d0 nmethod 2762 0x00000262502f2590 code [0x00000262502f2760, 0x00000262502f2b68]
Event: 9.349 Thread 0x00000262637f86d0 2763       3       org.springframework.core.annotation.AnnotationsScanner::scan (18 bytes)
Event: 9.349 Thread 0x00000262637f86d0 nmethod 2763 0x00000262502f2c90 code [0x00000262502f2e40, 0x00000262502f3038]
Event: 9.349 Thread 0x00000262637f86d0 2764       3       org.springframework.core.annotation.AnnotationsScanner::process (43 bytes)

GC Heap History (8 events):
Event: 2.219 GC heap before
{Heap before GC invocations=0 (full 0):
 garbage-first heap   total 63488K, used 13312K [0x00000000c2800000, 0x0000000100000000)
  region size 1024K, 13 young (13312K), 0 survivors (0K)
 Metaspace       used 3482K, committed 3584K, reserved 1114112K
  class space    used 340K, committed 384K, reserved 1048576K
}
Event: 2.304 GC heap after
{Heap after GC invocations=1 (full 0):
 garbage-first heap   total 63488K, used 6063K [0x00000000c2800000, 0x0000000100000000)
  region size 1024K, 2 young (2048K), 2 survivors (2048K)
 Metaspace       used 3482K, committed 3584K, reserved 1114112K
  class space    used 340K, committed 384K, reserved 1048576K
}
Event: 5.562 GC heap before
{Heap before GC invocations=1 (full 0):
 garbage-first heap   total 63488K, used 15279K [0x00000000c2800000, 0x0000000100000000)
  region size 1024K, 11 young (11264K), 2 survivors (2048K)
 Metaspace       used 5716K, committed 5888K, reserved 1114112K
  class space    used 623K, committed 704K, reserved 1048576K
}
Event: 5.565 GC heap after
{Heap after GC invocations=2 (full 0):
 garbage-first heap   total 63488K, used 6954K [0x00000000c2800000, 0x0000000100000000)
  region size 1024K, 1 young (1024K), 1 survivors (1024K)
 Metaspace       used 5716K, committed 5888K, reserved 1114112K
  class space    used 623K, committed 704K, reserved 1048576K
}
Event: 6.577 GC heap before
{Heap before GC invocations=2 (full 0):
 garbage-first heap   total 63488K, used 26410K [0x00000000c2800000, 0x0000000100000000)
  region size 1024K, 21 young (21504K), 1 survivors (1024K)
 Metaspace       used 11005K, committed 11200K, reserved 1114112K
  class space    used 1302K, committed 1408K, reserved 1048576K
}
Event: 6.580 GC heap after
{Heap after GC invocations=3 (full 0):
 garbage-first heap   total 63488K, used 8265K [0x00000000c2800000, 0x0000000100000000)
  region size 1024K, 2 young (2048K), 2 survivors (2048K)
 Metaspace       used 11005K, committed 11200K, reserved 1114112K
  class space    used 1302K, committed 1408K, reserved 1048576K
}
Event: 8.134 GC heap before
{Heap before GC invocations=3 (full 0):
 garbage-first heap   total 63488K, used 35913K [0x00000000c2800000, 0x0000000100000000)
  region size 1024K, 30 young (30720K), 2 survivors (2048K)
 Metaspace       used 16648K, committed 16960K, reserved 1114112K
  class space    used 1972K, committed 2112K, reserved 1048576K
}
Event: 8.140 GC heap after
{Heap after GC invocations=4 (full 0):
 garbage-first heap   total 63488K, used 10240K [0x00000000c2800000, 0x0000000100000000)
  region size 1024K, 4 young (4096K), 4 survivors (4096K)
 Metaspace       used 16648K, committed 16960K, reserved 1114112K
  class space    used 1972K, committed 2112K, reserved 1048576K
}

Deoptimization events (20 events):
Event: 8.842 Thread 0x000002626869d4b0 Uncommon trap: trap_request=0xffffffde fr.pc=0x000002625726d1a8 relative=0x00000000000001a8
Event: 8.842 Thread 0x000002626869d4b0 Uncommon trap: reason=class_check action=maybe_recompile pc=0x000002625726d1a8 method=java.lang.String.equals(Ljava/lang/Object;)Z @ 8 c2
Event: 8.842 Thread 0x000002626869d4b0 DEOPT PACKING pc=0x000002625726d1a8 sp=0x00000087d4ffe2b0
Event: 8.842 Thread 0x000002626869d4b0 DEOPT UNPACKING pc=0x000002624f7e23a3 sp=0x00000087d4ffe248 mode 2
Event: 8.842 Thread 0x000002626869d4b0 Uncommon trap: trap_request=0xffffffde fr.pc=0x000002625726d1a8 relative=0x00000000000001a8
Event: 8.842 Thread 0x000002626869d4b0 Uncommon trap: reason=class_check action=maybe_recompile pc=0x000002625726d1a8 method=java.lang.String.equals(Ljava/lang/Object;)Z @ 8 c2
Event: 8.842 Thread 0x000002626869d4b0 DEOPT PACKING pc=0x000002625726d1a8 sp=0x00000087d4ffe2b0
Event: 8.842 Thread 0x000002626869d4b0 DEOPT UNPACKING pc=0x000002624f7e23a3 sp=0x00000087d4ffe248 mode 2
Event: 8.845 Thread 0x000002626869d4b0 Uncommon trap: trap_request=0xffffffde fr.pc=0x000002625734dd08 relative=0x00000000000001e8
Event: 8.845 Thread 0x000002626869d4b0 Uncommon trap: reason=class_check action=maybe_recompile pc=0x000002625734dd08 method=java.lang.String.equals(Ljava/lang/Object;)Z @ 8 c2
Event: 8.845 Thread 0x000002626869d4b0 DEOPT PACKING pc=0x000002625734dd08 sp=0x00000087d4ffdf90
Event: 8.845 Thread 0x000002626869d4b0 DEOPT UNPACKING pc=0x000002624f7e23a3 sp=0x00000087d4ffdeb8 mode 2
Event: 8.845 Thread 0x000002626869d4b0 Uncommon trap: trap_request=0xffffffde fr.pc=0x000002625726d1a8 relative=0x00000000000001a8
Event: 8.845 Thread 0x000002626869d4b0 Uncommon trap: reason=class_check action=maybe_recompile pc=0x000002625726d1a8 method=java.lang.String.equals(Ljava/lang/Object;)Z @ 8 c2
Event: 8.845 Thread 0x000002626869d4b0 DEOPT PACKING pc=0x000002625726d1a8 sp=0x00000087d4ffdf00
Event: 8.845 Thread 0x000002626869d4b0 DEOPT UNPACKING pc=0x000002624f7e23a3 sp=0x00000087d4ffdea8 mode 2
Event: 9.059 Thread 0x000002626869d4b0 Uncommon trap: trap_request=0xffffff45 fr.pc=0x00000262572ec4d0 relative=0x0000000000000130
Event: 9.059 Thread 0x000002626869d4b0 Uncommon trap: reason=unstable_if action=reinterpret pc=0x00000262572ec4d0 method=java.util.Arrays.equals([Ljava/lang/Object;[Ljava/lang/Object;)Z @ 44 c2
Event: 9.059 Thread 0x000002626869d4b0 DEOPT PACKING pc=0x00000262572ec4d0 sp=0x00000087d4ffd8f0
Event: 9.059 Thread 0x000002626869d4b0 DEOPT UNPACKING pc=0x000002624f7e23a3 sp=0x00000087d4ffd890 mode 2

Classes loaded (20 events):
Event: 6.926 Loading class java/util/regex/Pattern$Loop done
Event: 6.926 Loading class java/util/regex/Pattern$LazyLoop done
Event: 6.926 Loading class java/util/regex/Pattern$Prolog
Event: 6.927 Loading class java/util/regex/Pattern$Prolog done
Event: 6.947 Loading class java/util/regex/Pattern$Pos
Event: 6.947 Loading class java/util/regex/Pattern$Pos done
Event: 6.952 Loading class java/lang/AssertionError
Event: 6.952 Loading class java/lang/AssertionError done
Event: 7.235 Loading class javax/naming/ldap/LdapContext
Event: 7.236 Loading class javax/naming/directory/DirContext
Event: 7.252 Loading class javax/naming/directory/DirContext done
Event: 7.252 Loading class javax/naming/ldap/LdapContext done
Event: 7.517 Loading class java/lang/Deprecated
Event: 7.517 Loading class java/lang/Deprecated done
Event: 8.442 Loading class java/nio/charset/CharacterCodingException
Event: 8.443 Loading class java/nio/charset/CharacterCodingException done
Event: 9.259 Loading class java/lang/UnsupportedClassVersionError
Event: 9.259 Loading class java/lang/ClassFormatError
Event: 9.260 Loading class java/lang/ClassFormatError done
Event: 9.260 Loading class java/lang/UnsupportedClassVersionError done

Classes unloaded (0 events):
No events

Classes redefined (0 events):
No events

Internal exceptions (20 events):
Event: 6.859 Thread 0x000002626869d4b0 Exception <a 'java/lang/ClassNotFoundException'{0x00000000c5de01d8}: org/springframework/beans/factory/config/BeanFactoryPostProcessorCustomizer> (0x00000000c5de01d8) 
thrown [s\open\src\hotspot\share\classfile\systemDictionary.cpp, line 255]
Event: 6.861 Thread 0x000002626869d4b0 Exception <a 'java/lang/ClassNotFoundException'{0x00000000c5c651b0}: org/springframework/core/PriorityOrderedCustomizer> (0x00000000c5c651b0) 
thrown [s\open\src\hotspot\share\classfile\systemDictionary.cpp, line 255]
Event: 6.861 Thread 0x000002626869d4b0 Exception <a 'java/lang/ClassNotFoundException'{0x00000000c5c688a0}: org/springframework/core/OrderedCustomizer> (0x00000000c5c688a0) 
thrown [s\open\src\hotspot\share\classfile\systemDictionary.cpp, line 255]
Event: 6.862 Thread 0x000002626869d4b0 Exception <a 'java/lang/ClassNotFoundException'{0x00000000c5c6d218}: org/springframework/context/ResourceLoaderAwareCustomizer> (0x00000000c5c6d218) 
thrown [s\open\src\hotspot\share\classfile\systemDictionary.cpp, line 255]
Event: 6.863 Thread 0x000002626869d4b0 Exception <a 'java/lang/ClassNotFoundException'{0x00000000c5c71cb8}: org/springframework/beans/factory/AwareCustomizer> (0x00000000c5c71cb8) 
thrown [s\open\src\hotspot\share\classfile\systemDictionary.cpp, line 255]
Event: 6.864 Thread 0x000002626869d4b0 Exception <a 'java/lang/ClassNotFoundException'{0x00000000c5c75780}: org/springframework/context/ApplicationStartupAwareCustomizer> (0x00000000c5c75780) 
thrown [s\open\src\hotspot\share\classfile\systemDictionary.cpp, line 255]
Event: 6.866 Thread 0x000002626869d4b0 Exception <a 'java/lang/ClassNotFoundException'{0x00000000c5c7a4a8}: org/springframework/beans/factory/AwareCustomizer> (0x00000000c5c7a4a8) 
thrown [s\open\src\hotspot\share\classfile\systemDictionary.cpp, line 255]
Event: 6.866 Thread 0x000002626869d4b0 Exception <a 'java/lang/ClassNotFoundException'{0x00000000c5c7dfb8}: org/springframework/beans/factory/BeanClassLoaderAwareCustomizer> (0x00000000c5c7dfb8) 
thrown [s\open\src\hotspot\share\classfile\systemDictionary.cpp, line 255]
Event: 6.867 Thread 0x000002626869d4b0 Exception <a 'java/lang/ClassNotFoundException'{0x00000000c5c82a40}: org/springframework/beans/factory/AwareCustomizer> (0x00000000c5c82a40) 
thrown [s\open\src\hotspot\share\classfile\systemDictionary.cpp, line 255]
Event: 6.867 Thread 0x000002626869d4b0 Exception <a 'java/lang/ClassNotFoundException'{0x00000000c5c86290}: org/springframework/context/EnvironmentAwareCustomizer> (0x00000000c5c86290) 
thrown [s\open\src\hotspot\share\classfile\systemDictionary.cpp, line 255]
Event: 6.868 Thread 0x000002626869d4b0 Exception <a 'java/lang/ClassNotFoundException'{0x00000000c5c8acb0}: org/springframework/beans/factory/AwareCustomizer> (0x00000000c5c8acb0) 
thrown [s\open\src\hotspot\share\classfile\systemDictionary.cpp, line 255]
Event: 6.919 Thread 0x000002626869d4b0 Exception <a 'java/lang/NoSuchMethodError'{0x00000000c5a73138}: 'java.lang.Object java.lang.invoke.DirectMethodHandle$Holder.invokeVirtual(java.lang.Object, java.lang.Object, java.lang.Object)'> (0x00000000c5a73138) 
thrown [s\open\src\hotspot\share\interpreter\linkResolver.cpp, line 759]
Event: 6.981 Thread 0x00000262686f1a90 Exception <a 'java/lang/NoSuchMethodError'{0x00000000c5815280}: 'long java.lang.invoke.DirectMethodHandle$Holder.invokeSpecial(java.lang.Object, java.lang.Object)'> (0x00000000c5815280) 
thrown [s\open\src\hotspot\share\interpreter\linkResolver.cpp, line 759]
Event: 7.004 Thread 0x00000262686f1a90 Exception <a 'java/lang/NoSuchMethodError'{0x00000000c58208b8}: 'long java.lang.invoke.DirectMethodHandle$Holder.invokeStatic(java.lang.Object, java.lang.Object)'> (0x00000000c58208b8) 
thrown [s\open\src\hotspot\share\interpreter\linkResolver.cpp, line 759]
Event: 7.004 Thread 0x00000262686f1a90 Exception <a 'java/lang/NoSuchMethodError'{0x00000000c58fdae0}: 'long java.lang.invoke.DirectMethodHandle$Holder.invokeStaticInit(java.lang.Object, java.lang.Object)'> (0x00000000c58fdae0) 
thrown [s\open\src\hotspot\share\interpreter\linkResolver.cpp, line 759]
Event: 7.006 Thread 0x00000262686f1a90 Exception <a 'java/lang/NoSuchMethodError'{0x00000000c570c0e8}: 'long java.lang.invoke.DirectMethodHandle$Holder.invokeInterface(java.lang.Object, java.lang.Object)'> (0x00000000c570c0e8) 
thrown [s\open\src\hotspot\share\interpreter\linkResolver.cpp, line 759]
Event: 7.006 Thread 0x00000262686f1a90 Exception <a 'java/lang/IncompatibleClassChangeError'{0x00000000c570f670}: Found class java.lang.Object, but interface was expected> (0x00000000c570f670) 
thrown [s\open\src\hotspot\share\interpreter\linkResolver.cpp, line 826]
Event: 7.024 Thread 0x00000262686f1a90 Exception <a 'java/lang/NoSuchMethodError'{0x00000000c579e158}: 'java.lang.Object java.lang.invoke.DirectMethodHandle$Holder.invokeVirtual(java.lang.Object, java.lang.Object, java.lang.Object, java.lang.Object)'> (0x00000000c579e158) 
thrown [s\open\src\hotspot\share\interpreter\linkResolver.cpp, line 759]
Event: 7.394 Thread 0x000002626869d4b0 Exception <a 'java/lang/IncompatibleClassChangeError'{0x00000000c52f6688}: Found class java.lang.Object, but interface was expected> (0x00000000c52f6688) 
thrown [s\open\src\hotspot\share\interpreter\linkResolver.cpp, line 826]
Event: 7.530 Thread 0x000002626869d4b0 Exception <a 'java/lang/NoSuchMethodError'{0x00000000c4e669d8}: 'void java.lang.invoke.DirectMethodHandle$Holder.invokeInterface(java.lang.Object, java.lang.Object, java.lang.Object, java.lang.Object)'> (0x00000000c4e669d8) 
thrown [s\open\src\hotspot\share\interpreter\linkResolver.cpp, line 759]

VM Operations (20 events):
Event: 6.392 Executing VM operation: HandshakeAllThreads
Event: 6.392 Executing VM operation: HandshakeAllThreads done
Event: 6.566 Executing VM operation: ICBufferFull
Event: 6.567 Executing VM operation: ICBufferFull done
Event: 6.577 Executing VM operation: G1CollectForAllocation
Event: 6.581 Executing VM operation: G1CollectForAllocation done
Event: 6.731 Executing VM operation: HandshakeAllThreads
Event: 6.731 Executing VM operation: HandshakeAllThreads done
Event: 6.842 Executing VM operation: HandshakeAllThreads
Event: 6.843 Executing VM operation: HandshakeAllThreads done
Event: 6.895 Executing VM operation: HandshakeAllThreads
Event: 6.895 Executing VM operation: HandshakeAllThreads done
Event: 7.812 Executing VM operation: ICBufferFull
Event: 7.812 Executing VM operation: ICBufferFull done
Event: 8.134 Executing VM operation: G1CollectForAllocation
Event: 8.140 Executing VM operation: G1CollectForAllocation done
Event: 8.860 Executing VM operation: HandshakeAllThreads
Event: 8.860 Executing VM operation: HandshakeAllThreads done
Event: 9.134 Executing VM operation: ICBufferFull
Event: 9.134 Executing VM operation: ICBufferFull done

Events (20 events):
Event: 0.224 Thread 0x0000026263812730 Thread added: 0x0000026263812730
Event: 0.332 Thread 0x0000026267c28030 Thread added: 0x0000026267c28030
Event: 0.373 Loaded shared library C:\Users\jessi\.jdks\openjdk-18.0.2.1\bin\zip.dll
Event: 0.386 Loaded shared library C:\Users\jessi\.jdks\openjdk-18.0.2.1\bin\instrument.dll
Event: 0.405 Loaded shared library C:\Users\jessi\.jdks\openjdk-18.0.2.1\bin\net.dll
Event: 0.408 Loaded shared library C:\Users\jessi\.jdks\openjdk-18.0.2.1\bin\nio.dll
Event: 0.415 Loaded shared library C:\Users\jessi\.jdks\openjdk-18.0.2.1\bin\zip.dll
Event: 0.668 Loaded shared library C:\Program Files\JetBrains\IntelliJ IDEA Community Edition 2022.2\bin\breakgen64.dll
Event: 0.670 Thread 0x0000026267e75160 Thread added: 0x0000026267e75160
Event: 0.670 Thread 0x0000026267fe69a0 Thread added: 0x0000026267fe69a0
Event: 0.724 Loaded shared library C:\Users\jessi\.jdks\openjdk-18.0.2.1\bin\verify.dll
Event: 0.737 Loaded shared library C:\Users\jessi\.jdks\openjdk-18.0.2.1\bin\jimage.dll
Event: 3.490 Loaded shared library C:\Users\jessi\.jdks\openjdk-18.0.2.1\bin\management.dll
Event: 3.552 Loaded shared library C:\Users\jessi\.jdks\openjdk-18.0.2.1\bin\management_ext.dll
Event: 4.415 Thread 0x000002626866a830 Thread added: 0x000002626866a830
Event: 4.857 Thread 0x000002626869d4b0 Thread added: 0x000002626869d4b0
Event: 6.375 Thread 0x00000262686f1a90 Thread added: 0x00000262686f1a90
Event: 7.030 Thread 0x00000262686f1a90 Thread exited: 0x00000262686f1a90
Event: 7.071 Thread 0x0000026268cbfa90 Thread added: 0x0000026268cbfa90
Event: 7.338 Thread 0x0000026268cbfa90 Thread exited: 0x0000026268cbfa90


Dynamic libraries:
0x00007ff69c4d0000 - 0x00007ff69c4de000 	C:\Users\jessi\.jdks\openjdk-18.0.2.1\bin\java.exe
0x00007ff8fcf20000 - 0x00007ff8fd129000 	C:\WINDOWS\SYSTEM32\ntdll.dll
0x00007ff8fbae0000 - 0x00007ff8fbb9d000 	C:\WINDOWS\System32\KERNEL32.DLL
0x00007ff8fa520000 - 0x00007ff8fa89d000 	C:\WINDOWS\System32\KERNELBASE.dll
0x00007ff8fac90000 - 0x00007ff8fada1000 	C:\WINDOWS\System32\ucrtbase.dll
0x00007ff8f73a0000 - 0x00007ff8f73b7000 	C:\Users\jessi\.jdks\openjdk-18.0.2.1\bin\jli.dll
0x00007ff8f7380000 - 0x00007ff8f739a000 	C:\Users\jessi\.jdks\openjdk-18.0.2.1\bin\VCRUNTIME140.dll
0x00007ff8fc2a0000 - 0x00007ff8fc44d000 	C:\WINDOWS\System32\USER32.dll
0x00007ff8fa920000 - 0x00007ff8fa946000 	C:\WINDOWS\System32\win32u.dll
0x00007ff8fc450000 - 0x00007ff8fc479000 	C:\WINDOWS\System32\GDI32.dll
0x00007ff8fa400000 - 0x00007ff8fa518000 	C:\WINDOWS\System32\gdi32full.dll
0x00007ff8fab30000 - 0x00007ff8fabcd000 	C:\WINDOWS\System32\msvcp_win.dll
0x00007ff8dfc40000 - 0x00007ff8dfee5000 	C:\WINDOWS\WinSxS\amd64_microsoft.windows.common-controls_6595b64144ccf1df_6.0.22000.120_none_9d947278b86cc467\COMCTL32.dll
0x00007ff8fb1a0000 - 0x00007ff8fb243000 	C:\WINDOWS\System32\msvcrt.dll
0x00007ff8faea0000 - 0x00007ff8faed1000 	C:\WINDOWS\System32\IMM32.DLL
0x00007ff8f78c0000 - 0x00007ff8f78cc000 	C:\Users\jessi\.jdks\openjdk-18.0.2.1\bin\vcruntime140_1.dll
0x00007ff8f18e0000 - 0x00007ff8f196d000 	C:\Users\jessi\.jdks\openjdk-18.0.2.1\bin\msvcp140.dll
0x00007ff89fc40000 - 0x00007ff8a0851000 	C:\Users\jessi\.jdks\openjdk-18.0.2.1\bin\server\jvm.dll
0x00007ff8fb410000 - 0x00007ff8fb4be000 	C:\WINDOWS\System32\ADVAPI32.dll
0x00007ff8fcd20000 - 0x00007ff8fcdbe000 	C:\WINDOWS\System32\sechost.dll
0x00007ff8fb250000 - 0x00007ff8fb370000 	C:\WINDOWS\System32\RPCRT4.dll
0x00007ff8fb390000 - 0x00007ff8fb398000 	C:\WINDOWS\System32\PSAPI.DLL
0x00007ff8e2340000 - 0x00007ff8e2349000 	C:\WINDOWS\SYSTEM32\WSOCK32.dll
0x00007ff8fc070000 - 0x00007ff8fc0df000 	C:\WINDOWS\System32\WS2_32.dll
0x00007ff8f5760000 - 0x00007ff8f5793000 	C:\WINDOWS\SYSTEM32\WINMM.dll
0x00007ff8f3980000 - 0x00007ff8f398a000 	C:\WINDOWS\SYSTEM32\VERSION.dll
0x00007ff8f94d0000 - 0x00007ff8f94e8000 	C:\WINDOWS\SYSTEM32\kernel.appcore.dll
0x00007ff8f7800000 - 0x00007ff8f780a000 	C:\Users\jessi\.jdks\openjdk-18.0.2.1\bin\jimage.dll
0x00007ff8f0240000 - 0x00007ff8f0461000 	C:\WINDOWS\SYSTEM32\DBGHELP.DLL
0x00007ff8e2be0000 - 0x00007ff8e2c11000 	C:\WINDOWS\SYSTEM32\dbgcore.DLL
0x00007ff8fa8a0000 - 0x00007ff8fa91f000 	C:\WINDOWS\System32\bcryptPrimitives.dll
0x00007ff8f7770000 - 0x00007ff8f777e000 	C:\Users\jessi\.jdks\openjdk-18.0.2.1\bin\instrument.dll
0x00007ff8f5bc0000 - 0x00007ff8f5be5000 	C:\Users\jessi\.jdks\openjdk-18.0.2.1\bin\java.dll
0x00007ff8f0f50000 - 0x00007ff8f1026000 	C:\Users\jessi\.jdks\openjdk-18.0.2.1\bin\jsvml.dll
0x00007ff8fc560000 - 0x00007ff8fcd18000 	C:\WINDOWS\System32\SHELL32.dll
0x00007ff8f8530000 - 0x00007ff8f8d98000 	C:\WINDOWS\SYSTEM32\windows.storage.dll
0x00007ff8fbc90000 - 0x00007ff8fc009000 	C:\WINDOWS\System32\combase.dll
0x00007ff8f83c0000 - 0x00007ff8f8526000 	C:\WINDOWS\SYSTEM32\wintypes.dll
0x00007ff8fb0b0000 - 0x00007ff8fb19a000 	C:\WINDOWS\System32\SHCORE.dll
0x00007ff8fce50000 - 0x00007ff8fcead000 	C:\WINDOWS\System32\shlwapi.dll
0x00007ff8fa330000 - 0x00007ff8fa351000 	C:\WINDOWS\SYSTEM32\profapi.dll
0x00007ff8f3990000 - 0x00007ff8f39a8000 	C:\Users\jessi\.jdks\openjdk-18.0.2.1\bin\zip.dll
0x00007ff8f6e70000 - 0x00007ff8f6e83000 	C:\Users\jessi\.jdks\openjdk-18.0.2.1\bin\net.dll
0x00007ff8f3e50000 - 0x00007ff8f3f5c000 	C:\WINDOWS\SYSTEM32\WINHTTP.dll
0x00007ff8f99a0000 - 0x00007ff8f9a07000 	C:\WINDOWS\system32\mswsock.dll
0x00007ff8f4ad0000 - 0x00007ff8f4ae6000 	C:\Users\jessi\.jdks\openjdk-18.0.2.1\bin\nio.dll
0x00007ff8f5c10000 - 0x00007ff8f5c2a000 	C:\Program Files\JetBrains\IntelliJ IDEA Community Edition 2022.2\bin\breakgen64.dll
0x00007ff8f3300000 - 0x00007ff8f3310000 	C:\Users\jessi\.jdks\openjdk-18.0.2.1\bin\verify.dll
0x00007ff8f78d0000 - 0x00007ff8f78d9000 	C:\Users\jessi\.jdks\openjdk-18.0.2.1\bin\management.dll
0x00007ff8f5c30000 - 0x00007ff8f5c3b000 	C:\Users\jessi\.jdks\openjdk-18.0.2.1\bin\management_ext.dll
0x00007ff8d76e0000 - 0x00007ff8d76f7000 	C:\WINDOWS\system32\napinsp.dll
0x00007ff8d3870000 - 0x00007ff8d388b000 	C:\WINDOWS\system32\pnrpnsp.dll
0x00007ff8f9060000 - 0x00007ff8f9148000 	C:\WINDOWS\SYSTEM32\DNSAPI.dll
0x00007ff8f9030000 - 0x00007ff8f905d000 	C:\WINDOWS\SYSTEM32\IPHLPAPI.DLL
0x00007ff8fb930000 - 0x00007ff8fb939000 	C:\WINDOWS\System32\NSI.dll
0x00007ff8d3850000 - 0x00007ff8d3862000 	C:\WINDOWS\System32\winrnr.dll
0x00007ff8d3830000 - 0x00007ff8d3845000 	C:\WINDOWS\system32\wshbth.dll
0x00007ff8d3810000 - 0x00007ff8d382f000 	C:\WINDOWS\system32\nlansp_c.dll
0x00007ff8eba30000 - 0x00007ff8eba3a000 	C:\Windows\System32\rasadhlp.dll
0x00007ff8efd70000 - 0x00007ff8efdf1000 	C:\WINDOWS\System32\fwpuclnt.dll

dbghelp: loaded successfully - version: 4.0.5 - missing functions: none
symbol engine: initialized successfully - sym options: 0x614 - pdb path: .;C:\Users\jessi\.jdks\openjdk-18.0.2.1\bin;C:\WINDOWS\SYSTEM32;C:\WINDOWS\WinSxS\amd64_microsoft.windows.common-controls_6595b64144ccf1df_6.0.22000.120_none_9d947278b86cc467;C:\Users\jessi\.jdks\openjdk-18.0.2.1\bin\server;C:\Program Files\JetBrains\IntelliJ IDEA Community Edition 2022.2\bin

VM Arguments:
jvm_args: -javaagent:C:\Program Files\JetBrains\IntelliJ IDEA Community Edition 2022.2\lib\idea_rt.jar=63369:C:\Program Files\JetBrains\IntelliJ IDEA Community Edition 2022.2\bin -Dfile.encoding=UTF-8 
java_command: com.pentagono.pentagono.PentagonoApplication
java_class_path (initial): C:\Users\jessi\OneDrive\Desktop\JESSICA\REPOSITORIO\pentagono (1)\pentagono\target\classes;C:\Users\jessi\.m2\repository\org\springframework\boot\spring-boot-starter-data-jpa\2.7.3\spring-boot-starter-data-jpa-2.7.3.jar;C:\Users\jessi\.m2\repository\org\springframework\boot\spring-boot-starter-aop\2.7.3\spring-boot-starter-aop-2.7.3.jar;C:\Users\jessi\.m2\repository\org\springframework\spring-aop\5.3.22\spring-aop-5.3.22.jar;C:\Users\jessi\.m2\repository\org\aspectj\aspectjweaver\1.9.7\aspectjweaver-1.9.7.jar;C:\Users\jessi\.m2\repository\org\springframework\boot\spring-boot-starter-jdbc\2.7.3\spring-boot-starter-jdbc-2.7.3.jar;C:\Users\jessi\.m2\repository\com\zaxxer\HikariCP\4.0.3\HikariCP-4.0.3.jar;C:\Users\jessi\.m2\repository\org\springframework\spring-jdbc\5.3.22\spring-jdbc-5.3.22.jar;C:\Users\jessi\.m2\repository\jakarta\transaction\jakarta.transaction-api\1.3.3\jakarta.transaction-api-1.3.3.jar;C:\Users\jessi\.m2\repository\jakarta\persistence\jakarta.persistence-api\2.2.3\jakarta.persistence-api-2.2.3.jar;C:\Users\jessi\.m2\repository\org\hibernate\hibernate-core\5.6.10.Final\hibernate-core-5.6.10.Final.jar;C:\Users\jessi\.m2\repository\org\jboss\logging\jboss-logging\3.4.3.Final\jboss-logging-3.4.3.Final.jar;C:\Users\jessi\.m2\repository\net\bytebuddy\byte-buddy\1.12.13\byte-buddy-1.12.13.jar;C:\Users\jessi\.m2\repository\antlr\antlr\2.7.7\antlr-2.7.7.jar;C:\Users\jessi\.m2\repository\org\jboss\jandex\2.4.2.Final\jandex-2.4.2.Final.jar;C:\Users\jessi\.m2\repository\com\fasterxml\classmate\1.5.1\classmate-1.5.1.jar;C:\Users\jessi\.m2\repository\org\hibernate\common\hibernate-commons-annotations\5.1.2.Final\hibernate-commons-annotations-5.1.2.Final.jar;C:\Users\jessi\.m2\repository\org\glassfish\jaxb\jaxb-runtime\2.3.6\jaxb-runtime-2.3.6.jar;C:\Users\jessi\.m2\repository\org\glassfish\jaxb\txw2\2.3.6\txw2-2.3.6.jar;C:\Users\jessi\.m2\repository\com\sun\istack\istack-commons-runtime\3.0.12\istack-commons-runtime-3.0.12.jar;C:\Users\jessi\.m2\repository\com\sun\activation\jakarta.activation\1.2.2\jakarta.activation-1.2.2.jar;C:\Users\jessi\.m2\repository\org\springframework\data\spring-data-jpa\2.7.2\spring-data-jpa-2.7.2.jar;C:\Users\jessi\.m2\repository\org\springframework\data\spring-data-commons\2.7.2\spring-data-commons-2.7.2.jar;C:\Users\jessi\.m2\repository\org\springframework\spring-orm\5.3.22\spring-orm-5.3.22.jar;C:\Users\jessi\.m2\repository\org\springframework\spring-context\5.3.22\spring-context-5.3.22.jar;C:\Users\jessi\.m2\repository\org\springframework\spring-tx\5.3.22\spring-tx-5.3.22.jar;C:\Users\jessi\.m2\repository\org\springframework\spring-beans\5.3.22\spring-beans-5.3.22.jar;C:\Users\jessi\.m2\repository\org\slf4j\slf4j-api\1.7.36\slf4j-api-1.7.36.jar;C:\Users\jessi\.m2\repository\org\springframework\spring-aspects\5.3.22\spring-aspects-5.3.22.jar;C:\Users\jessi\.m2\repository\org\springframework\boot\spring-boot-starter-web\2.7.3\spring-boot-starter-web-2.7.3.jar;C:\Users\jessi\.m2\repository\org\springframework\boot\spring-boot-starter\2.7.3\spring-boot-starter-2.7.3.jar;C:\Users\jessi\.m2\repository\org\springframework\boot\spring-boot-starter-logging\2.7.3\spring-boot-starter-logging-2.7.3.jar;C:\Users\jessi\.m2\repository\ch\qos\logback\logback-classic\1.2.11\logback-classic-1.2.11.jar;C:\Users\jessi\.m2\repository\ch\qos\logback\logback-core\1.2.11\logback-core-1.2.11.jar;C:\Users\jessi\.m2\repository\org\apache\logging\log4j\log4j-to-slf4j\2.17.2\log4j-to-slf4j-2.17.2.jar;C:\Users\jessi\.m2\repository\org\apache\logging\log4j\log4j-api\2.17.2\log4j-api-2.17.2.jar;C:\Users\jessi\.m2\repository\org\slf4j\jul-to-slf4j\1.7.36\jul-to-slf4j-1.7.36.jar;C:\Users\jessi\.m2\repository\jakarta\annotation\jakarta.annotation-api\1.3.5\jakarta.annotation-api-1.3.5.jar;C:\Users\jessi\.m2\repository\org\yaml\snakeyaml\1.30\snakeyaml-1.30.jar;C:\Users\jessi\.m2\repository\org\springframework\boot\spring-boot-starter-json\2.7.3\spring-boot-starter-json-2.7.3.jar;C:\Users\jessi\.m2\repository\com\fasterxml\jackson\core\jackson-databind\2.13.3\jackson-databind-2.13.3.jar;C:\Users\jessi\.m2\repository\com\fasterxml\jackson\core\jackson-annotations\2.13.3\jackson-annotations-2.13.3.jar;C:\Users\jessi\.m2\repository\com\fasterxml\jackson\core\jackson-core\2.13.3\jackson-core-2.13.3.jar;C:\Users\jessi\.m2\repository\com\fasterxml\jackson\datatype\jackson-datatype-jdk8\2.13.3\jackson-datatype-jdk8-2.13.3.jar;C:\Users\jessi\.m2\repository\com\fasterxml\jackson\datatype\jackson-datatype-jsr310\2.13.3\jackson-datatype-jsr310-2.13.3.jar;C:\Users\jessi\.m2\repository\com\fasterxml\jackson\module\jackson-module-parameter-names\2.13.3\jackson-module-parameter-names-2.13.3.jar;C:\Users\jessi\.m2\repository\org\springframework\boot\spring-boot-starter-tomcat\2.7.3\spring-boot-starter-tomcat-2.7.3.jar;C:\Users\jessi\.m2\repository\org\apache\tomcat\embed\tomcat-embed-core\9.0.65\tomcat-embed-core-9.0.65.jar;C:\Users\jessi\.m2\repository\org\apache\tomcat\embed\tomcat-embed-el\9.0.65\tomcat-embed-el-9.0.65.jar;C:\Users\jessi\.m2\repository\org\apache\tomcat\embed\tomcat-embed-websocket\9.0.65\tomcat-embed-websocket-9.0.65.jar;C:\Users\jessi\.m2\repository\org\springframework\spring-web\5.3.22\spring-web-5.3.22.jar;C:\Users\jessi\.m2\repository\org\springframework\spring-webmvc\5.3.22\spring-webmvc-5.3.22.jar;C:\Users\jessi\.m2\repository\org\springframework\spring-expression\5.3.22\spring-expression-5.3.22.jar;C:\Users\jessi\.m2\repository\org\springframework\boot\spring-boot-devtools\2.7.3\spring-boot-devtools-2.7.3.jar;C:\Users\jessi\.m2\repository\org\springframework\boot\spring-boot\2.7.3\spring-boot-2.7.3.jar;C:\Users\jessi\.m2\repository\org\springframework\boot\spring-boot-autoconfigure\2.7.3\spring-boot-autoconfigure-2.7.3.jar;C:\Users\jessi\.m2\repository\com\h2database\h2\2.1.214\h2-2.1.214.jar;C:\Users\jessi\.m2\repository\org\postgresql\postgresql\42.3.6\postgresql-42.3.6.jar;C:\Users\jessi\.m2\repository\org\checkerframework\checker-qual\3.5.0\checker-qual-3.5.0.jar;C:\Users\jessi\.m2\repository\org\projectlombok\lombok\1.18.24\lombok-1.18.24.jar;C:\Users\jessi\.m2\repository\jakarta\xml\bind\jakarta.xml.bind-api\2.3.3\jakarta.xml.bind-api-2.3.3.jar;C:\Users\jessi\.m2\repository\jakarta\activation\jakarta.activation-api\1.2.2\jakarta.activation-api-1.2.2.jar;C:\Users\jessi\.m2\repository\org\springframework\spring-core\5.3.22\spring-core-5.3.22.jar;C:\Users\jessi\.m2\repository\org\springframework\spring-jcl\5.3.22\spring-jcl-5.3.22.jar
Launcher Type: SUN_STANDARD

[Global flags]
     intx CICompilerCount                          = 3                                         {product} {ergonomic}
     uint ConcGCThreads                            = 1                                         {product} {ergonomic}
     uint G1ConcRefinementThreads                  = 4                                         {product} {ergonomic}
   size_t G1HeapRegionSize                         = 1048576                                   {product} {ergonomic}
    uintx GCDrainStackTargetSize                   = 64                                        {product} {ergonomic}
   size_t InitialHeapSize                          = 65011712                                  {product} {ergonomic}
   size_t MarkStackSize                            = 4194304                                   {product} {ergonomic}
   size_t MaxHeapSize                              = 1031798784                                {product} {ergonomic}
   size_t MaxNewSize                               = 618659840                                 {product} {ergonomic}
   size_t MinHeapDeltaBytes                        = 1048576                                   {product} {ergonomic}
   size_t MinHeapSize                              = 8388608                                   {product} {ergonomic}
    uintx NonNMethodCodeHeapSize                   = 5832780                                {pd product} {ergonomic}
    uintx NonProfiledCodeHeapSize                  = 122912730                              {pd product} {ergonomic}
    uintx ProfiledCodeHeapSize                     = 122912730                              {pd product} {ergonomic}
    uintx ReservedCodeCacheSize                    = 251658240                              {pd product} {ergonomic}
     bool SegmentedCodeCache                       = true                                      {product} {ergonomic}
   size_t SoftMaxHeapSize                          = 1031798784                             {manageable} {ergonomic}
     bool UseCompressedClassPointers               = true                           {product lp64_product} {ergonomic}
     bool UseCompressedOops                        = true                           {product lp64_product} {ergonomic}
     bool UseG1GC                                  = true                                      {product} {ergonomic}
     bool UseLargePagesIndividualAllocation        = false                                  {pd product} {ergonomic}

Logging:
Log output configuration:
 #0: stdout all=warning uptime,level,tags foldmultilines=false
 #1: stderr all=off uptime,level,tags foldmultilines=false

Environment Variables:
PATH=C:\Program Files\Microsoft\jdk-11.0.12.7-hotspot\bin;C:\Program Files\Common Files\Oracle\Java\javapath;C:\WINDOWS\system32;C:\WINDOWS;C:\WINDOWS\System32\Wbem;C:\WINDOWS\System32\WindowsPowerShell\v1.0\;C:\WINDOWS\System32\OpenSSH\;C:\Program Files\Microsoft SQL Server\150\Tools\Binn\;C:\Program Files\Microsoft SQL Server\Client SDK\ODBC\170\Tools\Binn\;C:\Program Files\dotnet\;C:\Program Files (x86)\Microsoft SQL Server\150\DTS\Binn\;C:\Program Files\Azure Data Studio\bin;C:\Program Files\Docker\Docker\resources\bin;C:\ProgramData\DockerDesktop\version-bin;C:\Program Files\Git\cmd;C:\Users\jessi\AppData\Local\Microsoft\WindowsApps;;C:\Users\jessi\AppData\Local\Programs\Microsoft VS Code\bin;C:\Users\jessi\.dotnet\tools;C:\Program Files\Azure Data Studio\bin
USERNAME=jessi
OS=Windows_NT
PROCESSOR_IDENTIFIER=Intel64 Family 6 Model 142 Stepping 12, GenuineIntel



---------------  S Y S T E M  ---------------

OS:
 Windows 11 , 64 bit Build 22000 (10.0.22000.708)
OS uptime: 2 days 14:42 hours
Hyper-V role detected

CPU: total 4 (initial active 4) (2 cores per cpu, 2 threads per core) family 6 model 142 stepping 12 microcode 0xec, cx8, cmov, fxsr, ht, mmx, 3dnowpref, sse, sse2, sse3, ssse3, sse4.1, sse4.2, popcnt, lzcnt, tsc, tscinvbit, avx, avx2, aes, erms, clmul, bmi1, bmi2, adx, fma, vzeroupper, clflush, clflushopt, hv

Memory: 4k page, system-wide physical 3930M (27M free)
TotalPageFile size 16218M (AvailPageFile size 6M)
current process WorkingSet (physical memory assigned to process): 117M, peak: 121M
current process commit charge ("private bytes"): 178M, peak: 180M

vm_info: OpenJDK 64-Bit Server VM (18.0.2.1+1-1) for windows-amd64 JRE (18.0.2.1+1-1), built on Aug 16 2022 01:44:29 by "mach5one" with MS VC++ 16.8 / 16.9 (VS2019)

END.
